2026-01-02 23:33:40,839 [INFO] - 正在爬取 从化区 (https://tianqi.2345.com/wea_history/70077.htm)...
2026-01-02 23:33:40,840 [INFO] - 正在爬取 增城区 (https://tianqi.2345.com/wea_history/60368.htm)...
2026-01-02 23:33:40,840 [INFO] - 正在爬取 花都区 (https://tianqi.2345.com/wea_history/60024.htm)...
2026-01-02 23:33:40,840 [INFO] - 正在爬取 南沙区 (https://tianqi.2345.com/wea_history/72028.htm)...
2026-01-02 23:33:40,841 [INFO] - 正在爬取 番禺区 (https://tianqi.2345.com/wea_history/60025.htm)...
2026-01-02 23:33:40,841 [INFO] - 正在爬取 白云区 (https://tianqi.2345.com/wea_history/72026.htm)...
2026-01-02 23:33:40,841 [INFO] - 正在爬取 黄埔区 (https://tianqi.2345.com/wea_history/72027.htm)...
2026-01-02 23:33:40,842 [INFO] - 正在爬取 天河区 (https://tianqi.2345.com/wea_history/72025.htm)...
2026-01-02 23:33:40,843 [INFO] - 正在爬取 海珠区 (https://tianqi.2345.com/wea_history/72024.htm)...
2026-01-02 23:33:40,843 [INFO] - 正在爬取 荔湾区 (https://tianqi.2345.com/wea_history/72022.htm)...
2026-01-02 23:33:40,843 [INFO] - 正在爬取 越秀区 (https://tianqi.2345.com/wea_history/72023.htm)...
2026-01-02 23:33:41,012 [INFO] - HTTP Request: GET https://tianqi.2345.com/wea_history/70077.htm "HTTP/1.1 200 OK"
2026-01-02 23:33:41,013 [INFO] - HTTP Request: GET https://tianqi.2345.com/wea_history/60368.htm "HTTP/1.1 200 OK"
2026-01-02 23:33:41,013 [INFO] - HTTP Request: GET https://tianqi.2345.com/wea_history/72028.htm "HTTP/1.1 200 OK"
2026-01-02 23:33:41,015 [INFO] - HTTP Request: GET https://tianqi.2345.com/wea_history/60024.htm "HTTP/1.1 200 OK"
2026-01-02 23:33:41,016 [INFO] - HTTP Request: GET https://tianqi.2345.com/wea_history/72027.htm "HTTP/1.1 200 OK"
2026-01-02 23:33:41,019 [INFO] - HTTP Request: GET https://tianqi.2345.com/wea_history/72023.htm "HTTP/1.1 200 OK"
2026-01-02 23:33:41,036 [INFO] - HTTP Request: GET https://tianqi.2345.com/wea_history/60025.htm "HTTP/1.1 200 OK"
2026-01-02 23:33:41,040 [INFO] - HTTP Request: GET https://tianqi.2345.com/wea_history/72026.htm "HTTP/1.1 200 OK"
2026-01-02 23:33:41,041 [INFO] - HTTP Request: GET https://tianqi.2345.com/wea_history/72022.htm "HTTP/1.1 200 OK"
2026-01-02 23:33:41,046 [INFO] - HTTP Request: GET https://tianqi.2345.com/wea_history/72024.htm "HTTP/1.1 200 OK"
2026-01-02 23:33:41,090 [WARNING] - 解析行失败: ['2026-01-01 周四', '21°', '8°', '雾~多云', '北风2级', '69 良'], 错误: unconverted data remains:  周四
2026-01-02 23:33:41,090 [WARNING] - 解析行失败: ['2026-01-02 周五', '15°', '6°', '多云', '东北风3级', '69 良'], 错误: unconverted data remains:  周五
2026-01-02 23:33:41,093 [INFO] - HTTP Request: GET https://tianqi.2345.com/wea_history/72025.htm "HTTP/1.1 200 OK"
2026-01-02 23:33:41,143 [WARNING] - 解析行失败: ['2026-01-01 周四', '21°', '11°', '多云', '东北风2级', '67 良'], 错误: unconverted data remains:  周四
2026-01-02 23:33:41,143 [WARNING] - 解析行失败: ['2026-01-02 周五', '17°', '9°', '多云', '东北风3级', '67 良'], 错误: unconverted data remains:  周五
2026-01-02 23:33:41,181 [WARNING] - 解析行失败: ['2026-01-01 周四', '21°', '11°', '阴~多云', '北风2级', '82 良'], 错误: unconverted data remains:  周四
2026-01-02 23:33:41,227 [WARNING] - 解析行失败: ['2026-01-01 周四', '21°', '8°', '阴~多云', '东北风2级', '66 良'], 错误: unconverted data remains:  周四
2026-01-02 23:33:41,227 [WARNING] - 解析行失败: ['2026-01-02 周五', '15°', '6°', '多云', '东北风3级', '66 良'], 错误: unconverted data remains:  周五
2026-01-02 23:33:41,265 [WARNING] - 解析行失败: ['2026-01-01 周四', '21°', '8°', '阴~多云', '北风2级', '70 良'], 错误: unconverted data remains:  周四
2026-01-02 23:33:41,265 [WARNING] - 解析行失败: ['2026-01-02 周五', '15°', '6°', '多云', '东北风3级', '70 良'], 错误: unconverted data remains:  周五
2026-01-02 23:33:41,311 [WARNING] - 解析行失败: ['2026-01-01 周四', '21°', '8°', '阴~多云', '北风2级', '67 良'], 错误: unconverted data remains:  周四
2026-01-02 23:33:41,311 [WARNING] - 解析行失败: ['2026-01-02 周五', '15°', '6°', '多云', '东北风3级', '67 良'], 错误: unconverted data remains:  周五
2026-01-02 23:33:41,356 [WARNING] - 解析行失败: ['2026-01-01 周四', '19°', '9°', '阴~多云', '东北风2级', '61 良'], 错误: unconverted data remains:  周四
2026-01-02 23:33:41,481 [WARNING] - 解析行失败: ['2026-01-01 周四', '21°', '8°', '阴~多云', '北风2级', '73 良'], 错误: unconverted data remains:  周四
2026-01-02 23:33:41,481 [WARNING] - 解析行失败: ['2026-01-02 周五', '15°', '6°', '多云', '东北风3级', '73 良'], 错误: unconverted data remains:  周五
2026-01-02 23:33:41,521 [WARNING] - 解析行失败: ['2026-01-01 周四', '21°', '8°', '雾~多云', '北风2级', '55 良'], 错误: unconverted data remains:  周四
2026-01-02 23:33:41,566 [WARNING] - 解析行失败: ['2026-01-01 周四', '21°', '8°', '多云', '北风2级', '74 良'], 错误: unconverted data remains:  周四
2026-01-02 23:33:41,566 [WARNING] - 解析行失败: ['2026-01-02 周五', '15°', '6°', '多云', '东北风3级', '74 良'], 错误: unconverted data remains:  周五
2026-01-02 23:33:41,600 [WARNING] - 解析行失败: ['2026-01-01 周四', '19°', '7°', '阴~多云', '北风2级', '79 良'], 错误: unconverted data remains:  周四
2026-01-02 23:33:41,612 [INFO] - 所有辖区爬取完成，共获得 0 条原始数据。
2026-01-02 23:36:49,545 [INFO] - 正在爬取 从化区 (https://tianqi.2345.com/wea_history/70077.htm)...
2026-01-02 23:36:49,546 [INFO] - 正在爬取 增城区 (https://tianqi.2345.com/wea_history/60368.htm)...
2026-01-02 23:36:49,546 [INFO] - 正在爬取 花都区 (https://tianqi.2345.com/wea_history/60024.htm)...
2026-01-02 23:36:49,546 [INFO] - 正在爬取 南沙区 (https://tianqi.2345.com/wea_history/72028.htm)...
2026-01-02 23:36:49,547 [INFO] - 正在爬取 番禺区 (https://tianqi.2345.com/wea_history/60025.htm)...
2026-01-02 23:36:49,547 [INFO] - 正在爬取 白云区 (https://tianqi.2345.com/wea_history/72026.htm)...
2026-01-02 23:36:49,548 [INFO] - 正在爬取 黄埔区 (https://tianqi.2345.com/wea_history/72027.htm)...
2026-01-02 23:36:49,548 [INFO] - 正在爬取 天河区 (https://tianqi.2345.com/wea_history/72025.htm)...
2026-01-02 23:36:49,548 [INFO] - 正在爬取 海珠区 (https://tianqi.2345.com/wea_history/72024.htm)...
2026-01-02 23:36:49,548 [INFO] - 正在爬取 荔湾区 (https://tianqi.2345.com/wea_history/72022.htm)...
2026-01-02 23:36:49,549 [INFO] - 正在爬取 越秀区 (https://tianqi.2345.com/wea_history/72023.htm)...
2026-01-02 23:36:49,705 [INFO] - HTTP Request: GET https://tianqi.2345.com/wea_history/70077.htm "HTTP/1.1 200 OK"
2026-01-02 23:36:49,706 [INFO] - HTTP Request: GET https://tianqi.2345.com/wea_history/72023.htm "HTTP/1.1 200 OK"
2026-01-02 23:36:49,706 [INFO] - HTTP Request: GET https://tianqi.2345.com/wea_history/72026.htm "HTTP/1.1 200 OK"
2026-01-02 23:36:49,708 [INFO] - HTTP Request: GET https://tianqi.2345.com/wea_history/72027.htm "HTTP/1.1 200 OK"
2026-01-02 23:36:49,718 [INFO] - HTTP Request: GET https://tianqi.2345.com/wea_history/60024.htm "HTTP/1.1 200 OK"
2026-01-02 23:36:49,719 [INFO] - HTTP Request: GET https://tianqi.2345.com/wea_history/72022.htm "HTTP/1.1 200 OK"
2026-01-02 23:36:49,763 [WARNING] - 解析行失败: ['2026-01-01 周四', '21°', '8°', '阴~多云', '北风2级', '70 良'], 错误: could not convert string to float: '21°'
2026-01-02 23:36:49,763 [WARNING] - 解析行失败: ['2026-01-02 周五', '15°', '6°', '多云', '东北风3级', '70 良'], 错误: could not convert string to float: '15°'
2026-01-02 23:36:49,764 [INFO] - HTTP Request: GET https://tianqi.2345.com/wea_history/72025.htm "HTTP/1.1 200 OK"
2026-01-02 23:36:49,764 [INFO] - HTTP Request: GET https://tianqi.2345.com/wea_history/72028.htm "HTTP/1.1 200 OK"
2026-01-02 23:36:49,770 [INFO] - HTTP Request: GET https://tianqi.2345.com/wea_history/60368.htm "HTTP/1.1 200 OK"
2026-01-02 23:36:49,770 [INFO] - HTTP Request: GET https://tianqi.2345.com/wea_history/72024.htm "HTTP/1.1 200 OK"
2026-01-02 23:36:49,776 [INFO] - HTTP Request: GET https://tianqi.2345.com/wea_history/60025.htm "HTTP/1.1 200 OK"
2026-01-02 23:36:49,824 [WARNING] - 解析行失败: ['2026-01-01 周四', '21°', '8°', '阴~多云', '北风2级', '73 良'], 错误: could not convert string to float: '21°'
2026-01-02 23:36:49,824 [WARNING] - 解析行失败: ['2026-01-02 周五', '15°', '6°', '多云', '东北风3级', '73 良'], 错误: could not convert string to float: '15°'
2026-01-02 23:36:49,872 [WARNING] - 解析行失败: ['2026-01-01 周四', '21°', '8°', '雾~多云', '北风2级', '69 良'], 错误: could not convert string to float: '21°'
2026-01-02 23:36:49,872 [WARNING] - 解析行失败: ['2026-01-02 周五', '15°', '6°', '多云', '东北风3级', '69 良'], 错误: could not convert string to float: '15°'
2026-01-02 23:36:49,914 [WARNING] - 解析行失败: ['2026-01-01 周四', '21°', '11°', '多云', '东北风2级', '67 良'], 错误: could not convert string to float: '21°'
2026-01-02 23:36:49,914 [WARNING] - 解析行失败: ['2026-01-02 周五', '17°', '9°', '多云', '东北风3级', '67 良'], 错误: could not convert string to float: '17°'
2026-01-02 23:36:49,955 [WARNING] - 解析行失败: ['2026-01-01 周四', '21°', '8°', '阴~多云', '北风2级', '67 良'], 错误: could not convert string to float: '21°'
2026-01-02 23:36:49,956 [WARNING] - 解析行失败: ['2026-01-02 周五', '15°', '6°', '多云', '东北风3级', '67 良'], 错误: could not convert string to float: '15°'
2026-01-02 23:36:50,083 [WARNING] - 解析行失败: ['2026-01-01 周四', '21°', '8°', '雾~多云', '北风2级', '55 良'], 错误: could not convert string to float: '21°'
2026-01-02 23:36:50,128 [WARNING] - 解析行失败: ['2026-01-01 周四', '21°', '8°', '多云', '北风2级', '74 良'], 错误: could not convert string to float: '21°'
2026-01-02 23:36:50,128 [WARNING] - 解析行失败: ['2026-01-02 周五', '15°', '6°', '多云', '东北风3级', '74 良'], 错误: could not convert string to float: '15°'
2026-01-02 23:36:50,158 [WARNING] - 解析行失败: ['2026-01-01 周四', '21°', '8°', '阴~多云', '东北风2级', '66 良'], 错误: could not convert string to float: '21°'
2026-01-02 23:36:50,158 [WARNING] - 解析行失败: ['2026-01-02 周五', '15°', '6°', '多云', '东北风3级', '66 良'], 错误: could not convert string to float: '15°'
2026-01-02 23:36:50,203 [WARNING] - 解析行失败: ['2026-01-01 周四', '19°', '9°', '阴~多云', '东北风2级', '61 良'], 错误: could not convert string to float: '19°'
2026-01-02 23:36:50,248 [WARNING] - 解析行失败: ['2026-01-01 周四', '19°', '7°', '阴~多云', '北风2级', '79 良'], 错误: could not convert string to float: '19°'
2026-01-02 23:36:50,278 [WARNING] - 解析行失败: ['2026-01-01 周四', '21°', '11°', '阴~多云', '北风2级', '82 良'], 错误: could not convert string to float: '21°'
2026-01-02 23:36:50,293 [INFO] - 所有辖区爬取完成，共获得 0 条原始数据。
2026-01-02 23:37:47,199 [INFO] - 正在爬取 从化区 (https://tianqi.2345.com/wea_history/70077.htm)...
2026-01-02 23:37:47,199 [INFO] - 正在爬取 增城区 (https://tianqi.2345.com/wea_history/60368.htm)...
2026-01-02 23:37:47,199 [INFO] - 正在爬取 花都区 (https://tianqi.2345.com/wea_history/60024.htm)...
2026-01-02 23:37:47,199 [INFO] - 正在爬取 南沙区 (https://tianqi.2345.com/wea_history/72028.htm)...
2026-01-02 23:37:47,199 [INFO] - 正在爬取 番禺区 (https://tianqi.2345.com/wea_history/60025.htm)...
2026-01-02 23:37:47,204 [INFO] - 正在爬取 白云区 (https://tianqi.2345.com/wea_history/72026.htm)...
2026-01-02 23:37:47,204 [INFO] - 正在爬取 黄埔区 (https://tianqi.2345.com/wea_history/72027.htm)...
2026-01-02 23:37:47,205 [INFO] - 正在爬取 天河区 (https://tianqi.2345.com/wea_history/72025.htm)...
2026-01-02 23:37:47,205 [INFO] - 正在爬取 海珠区 (https://tianqi.2345.com/wea_history/72024.htm)...
2026-01-02 23:37:47,205 [INFO] - 正在爬取 荔湾区 (https://tianqi.2345.com/wea_history/72022.htm)...
2026-01-02 23:37:47,205 [INFO] - 正在爬取 越秀区 (https://tianqi.2345.com/wea_history/72023.htm)...
2026-01-02 23:37:47,353 [INFO] - HTTP Request: GET https://tianqi.2345.com/wea_history/72023.htm "HTTP/1.1 200 OK"
2026-01-02 23:37:47,355 [INFO] - HTTP Request: GET https://tianqi.2345.com/wea_history/60025.htm "HTTP/1.1 200 OK"
2026-01-02 23:37:47,356 [INFO] - HTTP Request: GET https://tianqi.2345.com/wea_history/72028.htm "HTTP/1.1 200 OK"
2026-01-02 23:37:47,356 [INFO] - HTTP Request: GET https://tianqi.2345.com/wea_history/72026.htm "HTTP/1.1 200 OK"
2026-01-02 23:37:47,359 [INFO] - HTTP Request: GET https://tianqi.2345.com/wea_history/70077.htm "HTTP/1.1 200 OK"
2026-01-02 23:37:47,359 [INFO] - HTTP Request: GET https://tianqi.2345.com/wea_history/60024.htm "HTTP/1.1 200 OK"
2026-01-02 23:37:47,359 [INFO] - HTTP Request: GET https://tianqi.2345.com/wea_history/72022.htm "HTTP/1.1 200 OK"
2026-01-02 23:37:47,366 [INFO] - HTTP Request: GET https://tianqi.2345.com/wea_history/72027.htm "HTTP/1.1 200 OK"
2026-01-02 23:37:47,417 [WARNING] - 解析行失败: ['2026-01-01 周四', '21°', '8°', '阴~多云', '北风2级', '67 良'], 错误: could not convert string to float: '21°'
2026-01-02 23:37:47,417 [WARNING] - 解析行失败: ['2026-01-02 周五', '15°', '6°', '多云', '东北风3级', '67 良'], 错误: could not convert string to float: '15°'
2026-01-02 23:37:47,417 [INFO] - HTTP Request: GET https://tianqi.2345.com/wea_history/72025.htm "HTTP/1.1 200 OK"
2026-01-02 23:37:47,417 [INFO] - HTTP Request: GET https://tianqi.2345.com/wea_history/60368.htm "HTTP/1.1 200 OK"
2026-01-02 23:37:47,463 [WARNING] - 解析行失败: ['2026-01-01 周四', '21°', '8°', '雾~多云', '北风2级', '69 良'], 错误: could not convert string to float: '21°'
2026-01-02 23:37:47,463 [WARNING] - 解析行失败: ['2026-01-02 周五', '15°', '6°', '多云', '东北风3级', '69 良'], 错误: could not convert string to float: '15°'
2026-01-02 23:37:47,523 [WARNING] - 解析行失败: ['2026-01-01 周四', '21°', '11°', '阴~多云', '北风2级', '82 良'], 错误: could not convert string to float: '21°'
2026-01-02 23:37:47,527 [INFO] - HTTP Request: GET https://tianqi.2345.com/wea_history/72024.htm "HTTP/1.1 200 OK"
2026-01-02 23:37:47,566 [WARNING] - 解析行失败: ['2026-01-01 周四', '21°', '11°', '多云', '东北风2级', '67 良'], 错误: could not convert string to float: '21°'
2026-01-02 23:37:47,566 [WARNING] - 解析行失败: ['2026-01-02 周五', '17°', '9°', '多云', '东北风3级', '67 良'], 错误: could not convert string to float: '17°'
2026-01-02 23:37:47,606 [WARNING] - 解析行失败: ['2026-01-01 周四', '19°', '9°', '阴~多云', '东北风2级', '61 良'], 错误: could not convert string to float: '19°'
2026-01-02 23:37:47,646 [WARNING] - 解析行失败: ['2026-01-01 周四', '21°', '8°', '阴~多云', '北风2级', '70 良'], 错误: could not convert string to float: '21°'
2026-01-02 23:37:47,646 [WARNING] - 解析行失败: ['2026-01-02 周五', '15°', '6°', '多云', '东北风3级', '70 良'], 错误: could not convert string to float: '15°'
2026-01-02 23:37:47,686 [WARNING] - 解析行失败: ['2026-01-01 周四', '19°', '7°', '阴~多云', '北风2级', '79 良'], 错误: could not convert string to float: '19°'
2026-01-02 23:37:47,726 [WARNING] - 解析行失败: ['2026-01-01 周四', '21°', '8°', '阴~多云', '东北风2级', '66 良'], 错误: could not convert string to float: '21°'
2026-01-02 23:37:47,726 [WARNING] - 解析行失败: ['2026-01-02 周五', '15°', '6°', '多云', '东北风3级', '66 良'], 错误: could not convert string to float: '15°'
2026-01-02 23:37:47,766 [WARNING] - 解析行失败: ['2026-01-01 周四', '21°', '8°', '多云', '北风2级', '74 良'], 错误: could not convert string to float: '21°'
2026-01-02 23:37:47,766 [WARNING] - 解析行失败: ['2026-01-02 周五', '15°', '6°', '多云', '东北风3级', '74 良'], 错误: could not convert string to float: '15°'
2026-01-02 23:37:47,816 [WARNING] - 解析行失败: ['2026-01-01 周四', '21°', '8°', '阴~多云', '北风2级', '73 良'], 错误: could not convert string to float: '21°'
2026-01-02 23:37:47,816 [WARNING] - 解析行失败: ['2026-01-02 周五', '15°', '6°', '多云', '东北风3级', '73 良'], 错误: could not convert string to float: '15°'
2026-01-02 23:37:47,937 [WARNING] - 解析行失败: ['2026-01-01 周四', '21°', '8°', '雾~多云', '北风2级', '55 良'], 错误: could not convert string to float: '21°'
2026-01-02 23:37:47,948 [INFO] - 所有辖区爬取完成，共获得 0 条原始数据。
2026-01-02 23:40:03,284 [INFO] - 正在爬取 从化区 (https://tianqi.2345.com/wea_history/70077.htm)...
2026-01-02 23:40:03,285 [INFO] - 正在爬取 增城区 (https://tianqi.2345.com/wea_history/60368.htm)...
2026-01-02 23:40:03,285 [INFO] - 正在爬取 花都区 (https://tianqi.2345.com/wea_history/60024.htm)...
2026-01-02 23:40:03,285 [INFO] - 正在爬取 南沙区 (https://tianqi.2345.com/wea_history/72028.htm)...
2026-01-02 23:40:03,286 [INFO] - 正在爬取 番禺区 (https://tianqi.2345.com/wea_history/60025.htm)...
2026-01-02 23:40:03,287 [INFO] - 正在爬取 白云区 (https://tianqi.2345.com/wea_history/72026.htm)...
2026-01-02 23:40:03,287 [INFO] - 正在爬取 黄埔区 (https://tianqi.2345.com/wea_history/72027.htm)...
2026-01-02 23:40:03,287 [INFO] - 正在爬取 天河区 (https://tianqi.2345.com/wea_history/72025.htm)...
2026-01-02 23:40:03,287 [INFO] - 正在爬取 海珠区 (https://tianqi.2345.com/wea_history/72024.htm)...
2026-01-02 23:40:03,287 [INFO] - 正在爬取 荔湾区 (https://tianqi.2345.com/wea_history/72022.htm)...
2026-01-02 23:40:03,287 [INFO] - 正在爬取 越秀区 (https://tianqi.2345.com/wea_history/72023.htm)...
2026-01-02 23:40:03,416 [INFO] - HTTP Request: GET https://tianqi.2345.com/wea_history/60368.htm "HTTP/1.1 200 OK"
2026-01-02 23:40:03,432 [INFO] - HTTP Request: GET https://tianqi.2345.com/wea_history/60024.htm "HTTP/1.1 200 OK"
2026-01-02 23:40:03,434 [INFO] - HTTP Request: GET https://tianqi.2345.com/wea_history/72024.htm "HTTP/1.1 200 OK"
2026-01-02 23:40:03,457 [INFO] - HTTP Request: GET https://tianqi.2345.com/wea_history/72026.htm "HTTP/1.1 200 OK"
2026-01-02 23:40:03,458 [INFO] - HTTP Request: GET https://tianqi.2345.com/wea_history/72027.htm "HTTP/1.1 200 OK"
2026-01-02 23:40:03,458 [INFO] - HTTP Request: GET https://tianqi.2345.com/wea_history/72025.htm "HTTP/1.1 200 OK"
2026-01-02 23:40:03,458 [INFO] - HTTP Request: GET https://tianqi.2345.com/wea_history/72028.htm "HTTP/1.1 200 OK"
2026-01-02 23:40:03,479 [INFO] - HTTP Request: GET https://tianqi.2345.com/wea_history/70077.htm "HTTP/1.1 200 OK"
2026-01-02 23:40:03,480 [INFO] - HTTP Request: GET https://tianqi.2345.com/wea_history/72022.htm "HTTP/1.1 200 OK"
2026-01-02 23:40:03,481 [INFO] - HTTP Request: GET https://tianqi.2345.com/wea_history/72023.htm "HTTP/1.1 200 OK"
2026-01-02 23:40:03,482 [INFO] - HTTP Request: GET https://tianqi.2345.com/wea_history/60025.htm "HTTP/1.1 200 OK"
2026-01-02 23:40:03,721 [INFO] - 所有辖区爬取完成，共获得 18 条原始数据。
2026-01-02 23:40:03,736 [INFO] - 成功向数据库插入 18 条新记录。
2026-01-03 02:46:33,349 [INFO] - HTTP Request: GET https://tianqi.2345.com/wea_history/60368.htm "HTTP/1.1 200 OK"
2026-01-03 02:46:33,542 [INFO] - HTTP Request: GET https://tianqi.2345.com/wea_history/60368.htm "HTTP/1.1 200 OK"
2026-01-03 02:46:33,635 [INFO] - HTTP Request: GET https://tianqi.2345.com/wea_history/72024.htm "HTTP/1.1 200 OK"
2026-01-03 02:46:33,720 [INFO] - HTTP Request: GET https://tianqi.2345.com/wea_history/60025.htm "HTTP/1.1 200 OK"
2026-01-03 02:46:33,829 [INFO] - HTTP Request: GET https://tianqi.2345.com/wea_history/60025.htm "HTTP/1.1 200 OK"
2026-01-03 02:46:33,945 [INFO] - HTTP Request: GET https://tianqi.2345.com/wea_history/60025.htm "HTTP/1.1 200 OK"
2026-01-03 02:46:34,042 [INFO] - HTTP Request: GET https://tianqi.2345.com/wea_history/60025.htm "HTTP/1.1 200 OK"
2026-01-03 02:46:34,154 [INFO] - HTTP Request: GET https://tianqi.2345.com/wea_history/72026.htm "HTTP/1.1 200 OK"
2026-01-03 02:46:34,263 [INFO] - HTTP Request: GET https://tianqi.2345.com/wea_history/72026.htm "HTTP/1.1 200 OK"
2026-01-03 02:46:34,364 [INFO] - HTTP Request: GET https://tianqi.2345.com/wea_history/72026.htm "HTTP/1.1 200 OK"
2026-01-03 02:46:34,479 [INFO] - HTTP Request: GET https://tianqi.2345.com/wea_history/60024.htm "HTTP/1.1 200 OK"
2026-01-03 02:46:34,590 [INFO] - HTTP Request: GET https://tianqi.2345.com/wea_history/72022.htm "HTTP/1.1 200 OK"
2026-01-03 02:46:34,699 [INFO] - HTTP Request: GET https://tianqi.2345.com/wea_history/72022.htm "HTTP/1.1 200 OK"
2026-01-03 02:46:34,798 [INFO] - HTTP Request: GET https://tianqi.2345.com/wea_history/72022.htm "HTTP/1.1 200 OK"
2026-01-03 02:46:34,888 [INFO] - HTTP Request: GET https://tianqi.2345.com/wea_history/72022.htm "HTTP/1.1 200 OK"
2026-01-03 02:46:35,103 [INFO] - HTTP Request: GET https://tianqi.2345.com/wea_history/72023.htm "HTTP/1.1 200 OK"
2026-01-03 02:46:35,210 [INFO] - HTTP Request: GET https://tianqi.2345.com/wea_history/72023.htm "HTTP/1.1 200 OK"
2026-01-03 02:46:35,311 [INFO] - HTTP Request: GET https://tianqi.2345.com/wea_history/72027.htm "HTTP/1.1 200 OK"
2026-01-03 02:53:10,350 [INFO] - HTTP Request: GET https://tianqi.2345.com/wea_history/70077.htm "HTTP/1.1 200 OK"
2026-01-03 02:53:10,478 [INFO] - HTTP Request: GET https://tianqi.2345.com/wea_history/72028.htm "HTTP/1.1 200 OK"
2026-01-03 02:53:10,684 [INFO] - HTTP Request: GET https://tianqi.2345.com/wea_history/72028.htm "HTTP/1.1 200 OK"
2026-01-03 02:53:10,788 [INFO] - HTTP Request: GET https://tianqi.2345.com/wea_history/60368.htm "HTTP/1.1 200 OK"
2026-01-03 02:53:10,892 [INFO] - HTTP Request: GET https://tianqi.2345.com/wea_history/72025.htm "HTTP/1.1 200 OK"
2026-01-03 02:53:11,003 [INFO] - HTTP Request: GET https://tianqi.2345.com/wea_history/72024.htm "HTTP/1.1 200 OK"
2026-01-03 02:53:11,088 [INFO] - HTTP Request: GET https://tianqi.2345.com/wea_history/72024.htm "HTTP/1.1 200 OK"
2026-01-03 02:53:11,187 [INFO] - HTTP Request: GET https://tianqi.2345.com/wea_history/60025.htm "HTTP/1.1 200 OK"
2026-01-03 02:53:11,273 [INFO] - HTTP Request: GET https://tianqi.2345.com/wea_history/60025.htm "HTTP/1.1 200 OK"
2026-01-03 02:53:11,395 [INFO] - HTTP Request: GET https://tianqi.2345.com/wea_history/72026.htm "HTTP/1.1 200 OK"
2026-01-03 02:53:11,498 [INFO] - HTTP Request: GET https://tianqi.2345.com/wea_history/72026.htm "HTTP/1.1 200 OK"
2026-01-03 02:53:11,599 [INFO] - HTTP Request: GET https://tianqi.2345.com/wea_history/60024.htm "HTTP/1.1 200 OK"
2026-01-03 02:53:11,705 [INFO] - HTTP Request: GET https://tianqi.2345.com/wea_history/72022.htm "HTTP/1.1 200 OK"
2026-01-03 02:53:11,807 [INFO] - HTTP Request: GET https://tianqi.2345.com/wea_history/72023.htm "HTTP/1.1 200 OK"
2026-01-03 02:53:11,910 [INFO] - HTTP Request: GET https://tianqi.2345.com/wea_history/72027.htm "HTTP/1.1 200 OK"
2026-01-03 02:53:12,099 [INFO] - HTTP Request: GET https://tianqi.2345.com/wea_history/72027.htm "HTTP/1.1 200 OK"
2026-01-03 02:53:12,199 [INFO] - HTTP Request: GET https://tianqi.2345.com/wea_history/72027.htm "HTTP/1.1 200 OK"
2026-01-03 02:53:12,307 [INFO] - HTTP Request: GET https://tianqi.2345.com/wea_history/72027.htm "HTTP/1.1 200 OK"
2026-01-03 03:02:17,623 [INFO] - HTTP Request: GET https://tianqi.2345.com/wea_history/72022.htm "HTTP/1.1 200 OK"
2026-01-03 03:02:17,706 [INFO] - HTTP Request: GET https://tianqi.2345.com/wea_history/72022.htm "HTTP/1.1 200 OK"
2026-01-03 03:02:17,839 [INFO] - HTTP Request: GET https://tianqi.2345.com/wea_history/72027.htm "HTTP/1.1 200 OK"
2026-01-03 03:02:17,939 [INFO] - HTTP Request: GET https://tianqi.2345.com/wea_history/72028.htm "HTTP/1.1 200 OK"
2026-01-03 03:02:18,041 [INFO] - HTTP Request: GET https://tianqi.2345.com/wea_history/72025.htm "HTTP/1.1 200 OK"
2026-01-03 03:02:18,121 [INFO] - HTTP Request: GET https://tianqi.2345.com/wea_history/72027.htm "HTTP/1.1 200 OK"
2026-01-03 03:02:18,206 [INFO] - HTTP Request: GET https://tianqi.2345.com/wea_history/70077.htm "HTTP/1.1 200 OK"
2026-01-03 03:02:18,301 [INFO] - HTTP Request: GET https://tianqi.2345.com/wea_history/72027.htm "HTTP/1.1 200 OK"
2026-01-03 03:02:18,393 [INFO] - HTTP Request: GET https://tianqi.2345.com/wea_history/72022.htm "HTTP/1.1 200 OK"
2026-01-03 03:02:18,489 [INFO] - HTTP Request: GET https://tianqi.2345.com/wea_history/60368.htm "HTTP/1.1 200 OK"
2026-01-03 03:02:18,576 [INFO] - HTTP Request: GET https://tianqi.2345.com/wea_history/60025.htm "HTTP/1.1 200 OK"
2026-01-03 03:02:18,661 [INFO] - HTTP Request: GET https://tianqi.2345.com/wea_history/72026.htm "HTTP/1.1 200 OK"
2026-01-03 03:02:18,735 [INFO] - HTTP Request: GET https://tianqi.2345.com/wea_history/72027.htm "HTTP/1.1 200 OK"
2026-01-03 03:02:18,819 [INFO] - HTTP Request: GET https://tianqi.2345.com/wea_history/72022.htm "HTTP/1.1 200 OK"
2026-01-03 03:02:18,902 [INFO] - HTTP Request: GET https://tianqi.2345.com/wea_history/60368.htm "HTTP/1.1 200 OK"
2026-01-03 03:02:19,065 [INFO] - HTTP Request: GET https://tianqi.2345.com/wea_history/60025.htm "HTTP/1.1 200 OK"
2026-01-03 03:02:19,136 [INFO] - HTTP Request: GET https://tianqi.2345.com/wea_history/72022.htm "HTTP/1.1 200 OK"
2026-01-03 03:02:19,223 [INFO] - HTTP Request: GET https://tianqi.2345.com/wea_history/60368.htm "HTTP/1.1 200 OK"
2026-01-03 03:02:19,326 [INFO] - HTTP Request: GET https://tianqi.2345.com/wea_history/72024.htm "HTTP/1.1 200 OK"
2026-01-03 03:02:19,417 [INFO] - HTTP Request: GET https://tianqi.2345.com/wea_history/72024.htm "HTTP/1.1 200 OK"
2026-01-03 03:05:19,662 [INFO] - HTTP Request: GET https://tianqi.2345.com/wea_history/72022.htm "HTTP/1.1 200 OK"
2026-01-03 03:05:19,814 [INFO] - HTTP Request: GET https://tianqi.2345.com/wea_history/72023.htm "HTTP/1.1 200 OK"
2026-01-03 03:05:19,939 [INFO] - HTTP Request: GET https://tianqi.2345.com/wea_history/60024.htm "HTTP/1.1 200 OK"
2026-01-03 03:05:20,029 [INFO] - HTTP Request: GET https://tianqi.2345.com/wea_history/70077.htm "HTTP/1.1 200 OK"
2026-01-03 03:05:20,134 [INFO] - HTTP Request: GET https://tianqi.2345.com/wea_history/60024.htm "HTTP/1.1 200 OK"
2026-01-03 03:05:20,226 [INFO] - HTTP Request: GET https://tianqi.2345.com/wea_history/72027.htm "HTTP/1.1 200 OK"
2026-01-03 03:05:20,329 [INFO] - HTTP Request: GET https://tianqi.2345.com/wea_history/70077.htm "HTTP/1.1 200 OK"
2026-01-03 03:05:20,522 [INFO] - HTTP Request: GET https://tianqi.2345.com/wea_history/72026.htm "HTTP/1.1 200 OK"
2026-01-03 03:05:20,622 [INFO] - HTTP Request: GET https://tianqi.2345.com/wea_history/60025.htm "HTTP/1.1 200 OK"
2026-01-03 03:05:20,723 [INFO] - HTTP Request: GET https://tianqi.2345.com/wea_history/60368.htm "HTTP/1.1 200 OK"
2026-01-03 03:05:20,824 [INFO] - HTTP Request: GET https://tianqi.2345.com/wea_history/60024.htm "HTTP/1.1 200 OK"
2026-01-03 03:05:20,933 [INFO] - HTTP Request: GET https://tianqi.2345.com/wea_history/72022.htm "HTTP/1.1 200 OK"
2026-01-03 03:05:21,046 [INFO] - HTTP Request: GET https://tianqi.2345.com/wea_history/72024.htm "HTTP/1.1 200 OK"
2026-01-03 03:05:21,148 [INFO] - HTTP Request: GET https://tianqi.2345.com/wea_history/60368.htm "HTTP/1.1 200 OK"
2026-01-03 03:05:21,259 [INFO] - HTTP Request: GET https://tianqi.2345.com/wea_history/72027.htm "HTTP/1.1 200 OK"
2026-01-03 03:05:21,349 [INFO] - HTTP Request: GET https://tianqi.2345.com/wea_history/72025.htm "HTTP/1.1 200 OK"
2026-01-03 03:05:21,437 [INFO] - HTTP Request: GET https://tianqi.2345.com/wea_history/72027.htm "HTTP/1.1 200 OK"
2026-01-03 03:05:21,510 [INFO] - HTTP Request: GET https://tianqi.2345.com/wea_history/72023.htm "HTTP/1.1 200 OK"
2026-01-03 03:05:21,595 [INFO] - HTTP Request: GET https://tianqi.2345.com/wea_history/72028.htm "HTTP/1.1 200 OK"
2026-01-03 03:07:01,979 [INFO] - HTTP Request: GET https://tianqi.2345.com/wea_history/60025.htm "HTTP/1.1 200 OK"
2026-01-03 03:07:02,066 [INFO] - HTTP Request: GET https://tianqi.2345.com/wea_history/72022.htm "HTTP/1.1 200 OK"
2026-01-03 03:07:02,148 [INFO] - HTTP Request: GET https://tianqi.2345.com/wea_history/60368.htm "HTTP/1.1 200 OK"
2026-01-03 03:07:02,217 [INFO] - HTTP Request: GET https://tianqi.2345.com/wea_history/70077.htm "HTTP/1.1 200 OK"
2026-01-03 03:07:02,287 [INFO] - HTTP Request: GET https://tianqi.2345.com/wea_history/72027.htm "HTTP/1.1 200 OK"
2026-01-03 03:07:02,367 [INFO] - HTTP Request: GET https://tianqi.2345.com/wea_history/60368.htm "HTTP/1.1 200 OK"
2026-01-03 03:07:02,458 [INFO] - HTTP Request: GET https://tianqi.2345.com/wea_history/72026.htm "HTTP/1.1 200 OK"
2026-01-03 03:07:02,549 [INFO] - HTTP Request: GET https://tianqi.2345.com/wea_history/72022.htm "HTTP/1.1 200 OK"
2026-01-03 03:07:02,641 [INFO] - HTTP Request: GET https://tianqi.2345.com/wea_history/70077.htm "HTTP/1.1 200 OK"
2026-01-03 03:07:02,715 [INFO] - HTTP Request: GET https://tianqi.2345.com/wea_history/72026.htm "HTTP/1.1 200 OK"
2026-01-03 03:07:02,808 [INFO] - HTTP Request: GET https://tianqi.2345.com/wea_history/60024.htm "HTTP/1.1 200 OK"
2026-01-03 03:07:02,952 [INFO] - HTTP Request: GET https://tianqi.2345.com/wea_history/72024.htm "HTTP/1.1 200 OK"
2026-01-03 03:07:03,026 [INFO] - HTTP Request: GET https://tianqi.2345.com/wea_history/60368.htm "HTTP/1.1 200 OK"
2026-01-03 03:07:03,096 [INFO] - HTTP Request: GET https://tianqi.2345.com/wea_history/72028.htm "HTTP/1.1 200 OK"
2026-01-03 03:07:03,188 [INFO] - HTTP Request: GET https://tianqi.2345.com/wea_history/72027.htm "HTTP/1.1 200 OK"
2026-01-03 03:07:03,264 [INFO] - HTTP Request: GET https://tianqi.2345.com/wea_history/70077.htm "HTTP/1.1 200 OK"
2026-01-03 03:07:03,361 [INFO] - HTTP Request: GET https://tianqi.2345.com/wea_history/70077.htm "HTTP/1.1 200 OK"
2026-01-03 03:07:03,449 [INFO] - HTTP Request: GET https://tianqi.2345.com/wea_history/72026.htm "HTTP/1.1 200 OK"
2026-01-03 03:07:23,253 [INFO] - HTTP Request: GET https://tianqi.2345.com/wea_history/60025.htm?y=2025&m=12 "HTTP/1.1 200 OK"
2026-01-03 03:07:23,339 [INFO] - HTTP Request: GET https://tianqi.2345.com/wea_history/72023.htm?y=2025&m=12 "HTTP/1.1 200 OK"
2026-01-03 03:07:23,431 [INFO] - HTTP Request: GET https://tianqi.2345.com/wea_history/70077.htm?y=2025&m=12 "HTTP/1.1 200 OK"
2026-01-03 03:07:23,525 [INFO] - HTTP Request: GET https://tianqi.2345.com/wea_history/60025.htm?y=2025&m=12 "HTTP/1.1 200 OK"
2026-01-03 03:07:23,609 [INFO] - HTTP Request: GET https://tianqi.2345.com/wea_history/72026.htm?y=2025&m=12 "HTTP/1.1 200 OK"
2026-01-03 03:07:23,689 [INFO] - HTTP Request: GET https://tianqi.2345.com/wea_history/72024.htm?y=2025&m=12 "HTTP/1.1 200 OK"
2026-01-03 03:07:23,815 [INFO] - HTTP Request: GET https://tianqi.2345.com/wea_history/70077.htm?y=2025&m=12 "HTTP/1.1 200 OK"
2026-01-03 03:07:23,901 [INFO] - HTTP Request: GET https://tianqi.2345.com/wea_history/72024.htm?y=2025&m=12 "HTTP/1.1 200 OK"
2026-01-03 03:07:23,984 [INFO] - HTTP Request: GET https://tianqi.2345.com/wea_history/60368.htm?y=2025&m=12 "HTTP/1.1 200 OK"
2026-01-03 03:07:24,068 [INFO] - HTTP Request: GET https://tianqi.2345.com/wea_history/72022.htm?y=2025&m=12 "HTTP/1.1 200 OK"
2026-01-03 03:07:24,135 [INFO] - HTTP Request: GET https://tianqi.2345.com/wea_history/60025.htm?y=2025&m=12 "HTTP/1.1 200 OK"
2026-01-03 03:07:24,227 [INFO] - HTTP Request: GET https://tianqi.2345.com/wea_history/72025.htm?y=2025&m=12 "HTTP/1.1 200 OK"
2026-01-03 03:07:24,312 [INFO] - HTTP Request: GET https://tianqi.2345.com/wea_history/72027.htm?y=2025&m=12 "HTTP/1.1 200 OK"
2026-01-03 03:07:24,389 [INFO] - HTTP Request: GET https://tianqi.2345.com/wea_history/72025.htm?y=2025&m=12 "HTTP/1.1 200 OK"
2026-01-03 03:07:24,467 [INFO] - HTTP Request: GET https://tianqi.2345.com/wea_history/72028.htm?y=2025&m=12 "HTTP/1.1 200 OK"
2026-01-03 03:07:24,557 [INFO] - HTTP Request: GET https://tianqi.2345.com/wea_history/60368.htm?y=2026&m=1 "HTTP/1.1 200 OK"
2026-01-03 03:07:24,635 [INFO] - HTTP Request: GET https://tianqi.2345.com/wea_history/72024.htm?y=2026&m=1 "HTTP/1.1 200 OK"
2026-01-03 03:07:24,715 [INFO] - HTTP Request: GET https://tianqi.2345.com/wea_history/72027.htm?y=2026&m=1 "HTTP/1.1 200 OK"
2026-01-03 03:07:36,763 [INFO] - HTTP Request: GET https://tianqi.2345.com/wea_history/70077.htm?y=2025&m=12 "HTTP/1.1 200 OK"
2026-01-03 03:07:36,865 [INFO] - HTTP Request: GET https://tianqi.2345.com/wea_history/60025.htm?y=2025&m=12 "HTTP/1.1 200 OK"
2026-01-03 03:07:36,938 [INFO] - HTTP Request: GET https://tianqi.2345.com/wea_history/60025.htm?y=2025&m=12 "HTTP/1.1 200 OK"
2026-01-03 03:07:37,015 [INFO] - HTTP Request: GET https://tianqi.2345.com/wea_history/60025.htm?y=2025&m=12 "HTTP/1.1 200 OK"
2026-01-03 03:07:37,086 [INFO] - HTTP Request: GET https://tianqi.2345.com/wea_history/60368.htm?y=2025&m=12 "HTTP/1.1 200 OK"
2026-01-03 03:07:37,163 [INFO] - HTTP Request: GET https://tianqi.2345.com/wea_history/72027.htm?y=2025&m=12 "HTTP/1.1 200 OK"
2026-01-03 03:07:37,250 [INFO] - HTTP Request: GET https://tianqi.2345.com/wea_history/70077.htm?y=2025&m=12 "HTTP/1.1 200 OK"
2026-01-03 03:07:37,372 [INFO] - HTTP Request: GET https://tianqi.2345.com/wea_history/72028.htm?y=2025&m=12 "HTTP/1.1 200 OK"
2026-01-03 03:07:37,447 [INFO] - HTTP Request: GET https://tianqi.2345.com/wea_history/72024.htm?y=2025&m=12 "HTTP/1.1 200 OK"
2026-01-03 03:07:37,527 [INFO] - HTTP Request: GET https://tianqi.2345.com/wea_history/72025.htm?y=2025&m=12 "HTTP/1.1 200 OK"
2026-01-03 03:07:37,601 [INFO] - HTTP Request: GET https://tianqi.2345.com/wea_history/60025.htm?y=2025&m=12 "HTTP/1.1 200 OK"
2026-01-03 03:07:37,689 [INFO] - HTTP Request: GET https://tianqi.2345.com/wea_history/72025.htm?y=2025&m=12 "HTTP/1.1 200 OK"
2026-01-03 03:07:37,769 [INFO] - HTTP Request: GET https://tianqi.2345.com/wea_history/60025.htm?y=2025&m=12 "HTTP/1.1 200 OK"
2026-01-03 03:07:37,899 [INFO] - HTTP Request: GET https://tianqi.2345.com/wea_history/70077.htm?y=2025&m=12 "HTTP/1.1 200 OK"
2026-01-03 03:07:37,979 [INFO] - HTTP Request: GET https://tianqi.2345.com/wea_history/60025.htm?y=2025&m=12 "HTTP/1.1 200 OK"
2026-01-03 03:07:38,076 [INFO] - HTTP Request: GET https://tianqi.2345.com/wea_history/60368.htm?y=2025&m=12 "HTTP/1.1 200 OK"
2026-01-03 03:07:38,150 [INFO] - HTTP Request: GET https://tianqi.2345.com/wea_history/60368.htm?y=2025&m=12 "HTTP/1.1 200 OK"
2026-01-03 03:07:38,230 [INFO] - HTTP Request: GET https://tianqi.2345.com/wea_history/72027.htm?y=2026&m=1 "HTTP/1.1 200 OK"
2026-01-03 03:19:17,918 [INFO] - HTTP Request: GET https://tianqi.2345.com/wea_history/60024.htm?y=2025&m=12 "HTTP/1.1 200 OK"
2026-01-03 03:19:18,050 [INFO] - HTTP Request: GET https://tianqi.2345.com/wea_history/70077.htm?y=2025&m=12 "HTTP/1.1 200 OK"
2026-01-03 03:19:18,154 [INFO] - HTTP Request: GET https://tianqi.2345.com/wea_history/72026.htm?y=2025&m=12 "HTTP/1.1 200 OK"
2026-01-03 03:19:18,250 [INFO] - HTTP Request: GET https://tianqi.2345.com/wea_history/70077.htm?y=2025&m=12 "HTTP/1.1 200 OK"
2026-01-03 03:19:18,351 [INFO] - HTTP Request: GET https://tianqi.2345.com/wea_history/70077.htm?y=2025&m=12 "HTTP/1.1 200 OK"
2026-01-03 03:19:18,460 [INFO] - HTTP Request: GET https://tianqi.2345.com/wea_history/72023.htm?y=2025&m=12 "HTTP/1.1 200 OK"
2026-01-03 03:19:18,571 [INFO] - HTTP Request: GET https://tianqi.2345.com/wea_history/70077.htm?y=2025&m=12 "HTTP/1.1 200 OK"
2026-01-03 03:19:18,669 [INFO] - HTTP Request: GET https://tianqi.2345.com/wea_history/72025.htm?y=2025&m=12 "HTTP/1.1 200 OK"
2026-01-03 03:19:18,769 [INFO] - HTTP Request: GET https://tianqi.2345.com/wea_history/72027.htm?y=2025&m=12 "HTTP/1.1 200 OK"
2026-01-03 03:19:18,879 [INFO] - HTTP Request: GET https://tianqi.2345.com/wea_history/72027.htm?y=2025&m=12 "HTTP/1.1 200 OK"
2026-01-03 03:19:19,086 [INFO] - HTTP Request: GET https://tianqi.2345.com/wea_history/60025.htm?y=2025&m=12 "HTTP/1.1 200 OK"
2026-01-03 03:19:19,188 [INFO] - HTTP Request: GET https://tianqi.2345.com/wea_history/72022.htm?y=2025&m=12 "HTTP/1.1 200 OK"
2026-01-03 03:19:19,294 [INFO] - HTTP Request: GET https://tianqi.2345.com/wea_history/60368.htm?y=2025&m=12 "HTTP/1.1 200 OK"
2026-01-03 03:19:19,404 [INFO] - HTTP Request: GET https://tianqi.2345.com/wea_history/72024.htm?y=2025&m=12 "HTTP/1.1 200 OK"
2026-01-03 03:19:19,509 [INFO] - HTTP Request: GET https://tianqi.2345.com/wea_history/72024.htm?y=2025&m=12 "HTTP/1.1 200 OK"
2026-01-03 03:19:19,605 [INFO] - HTTP Request: GET https://tianqi.2345.com/wea_history/72022.htm?y=2025&m=12 "HTTP/1.1 200 OK"
2026-01-03 03:19:19,716 [INFO] - HTTP Request: GET https://tianqi.2345.com/wea_history/72023.htm?y=2025&m=12 "HTTP/1.1 200 OK"
2026-01-03 03:19:19,829 [INFO] - HTTP Request: GET https://tianqi.2345.com/wea_history/72028.htm?y=2026&m=1 "HTTP/1.1 200 OK"
2026-01-03 03:19:19,932 [INFO] - HTTP Request: GET https://tianqi.2345.com/wea_history/72027.htm?y=2026&m=1 "HTTP/1.1 200 OK"
2026-01-03 03:21:38,996 [INFO] - HTTP Request: GET https://tianqi.2345.com/wea_history/72023.htm?y=2025&m=12 "HTTP/1.1 200 OK"
2026-01-03 03:21:39,081 [INFO] - HTTP Request: GET https://tianqi.2345.com/wea_history/72026.htm?y=2025&m=12 "HTTP/1.1 200 OK"
2026-01-03 03:21:39,161 [INFO] - HTTP Request: GET https://tianqi.2345.com/wea_history/72023.htm?y=2025&m=12 "HTTP/1.1 200 OK"
2026-01-03 03:21:39,264 [INFO] - HTTP Request: GET https://tianqi.2345.com/wea_history/72023.htm?y=2025&m=12 "HTTP/1.1 200 OK"
2026-01-03 03:21:39,406 [INFO] - HTTP Request: GET https://tianqi.2345.com/wea_history/60368.htm?y=2025&m=12 "HTTP/1.1 200 OK"
2026-01-03 03:21:39,504 [INFO] - HTTP Request: GET https://tianqi.2345.com/wea_history/60368.htm?y=2025&m=12 "HTTP/1.1 200 OK"
2026-01-03 03:21:39,584 [INFO] - HTTP Request: GET https://tianqi.2345.com/wea_history/72026.htm?y=2025&m=12 "HTTP/1.1 200 OK"
2026-01-03 03:21:39,657 [INFO] - HTTP Request: GET https://tianqi.2345.com/wea_history/72026.htm?y=2025&m=12 "HTTP/1.1 200 OK"
2026-01-03 03:21:39,744 [INFO] - HTTP Request: GET https://tianqi.2345.com/wea_history/70077.htm?y=2025&m=12 "HTTP/1.1 200 OK"
2026-01-03 03:21:39,834 [INFO] - HTTP Request: GET https://tianqi.2345.com/wea_history/60025.htm?y=2025&m=12 "HTTP/1.1 200 OK"
2026-01-03 03:21:39,923 [INFO] - HTTP Request: GET https://tianqi.2345.com/wea_history/72028.htm?y=2025&m=12 "HTTP/1.1 200 OK"
2026-01-03 03:21:40,003 [INFO] - HTTP Request: GET https://tianqi.2345.com/wea_history/60025.htm?y=2025&m=12 "HTTP/1.1 200 OK"
2026-01-03 03:21:40,079 [INFO] - HTTP Request: GET https://tianqi.2345.com/wea_history/72025.htm?y=2025&m=12 "HTTP/1.1 200 OK"
2026-01-03 03:21:40,181 [INFO] - HTTP Request: GET https://tianqi.2345.com/wea_history/72022.htm?y=2025&m=12 "HTTP/1.1 200 OK"
2026-01-03 03:21:40,269 [INFO] - HTTP Request: GET https://tianqi.2345.com/wea_history/70077.htm?y=2025&m=12 "HTTP/1.1 200 OK"
2026-01-03 03:21:53,810 [INFO] - HTTP Request: GET https://tianqi.2345.com/wea_history/60025.htm?y=2025&m=1 "HTTP/1.1 200 OK"
2026-01-03 03:21:53,902 [INFO] - HTTP Request: GET https://tianqi.2345.com/wea_history/72028.htm?y=2025&m=2 "HTTP/1.1 200 OK"
2026-01-03 03:21:53,991 [INFO] - HTTP Request: GET https://tianqi.2345.com/wea_history/72024.htm?y=2025&m=2 "HTTP/1.1 200 OK"
2026-01-03 03:21:54,074 [INFO] - HTTP Request: GET https://tianqi.2345.com/wea_history/60025.htm?y=2025&m=2 "HTTP/1.1 200 OK"
2026-01-03 03:21:54,162 [INFO] - HTTP Request: GET https://tianqi.2345.com/wea_history/72023.htm?y=2025&m=2 "HTTP/1.1 200 OK"
2026-01-03 03:21:54,240 [INFO] - HTTP Request: GET https://tianqi.2345.com/wea_history/70077.htm?y=2025&m=3 "HTTP/1.1 200 OK"
2026-01-03 03:21:54,330 [INFO] - HTTP Request: GET https://tianqi.2345.com/wea_history/72026.htm?y=2025&m=3 "HTTP/1.1 200 OK"
2026-01-03 03:21:54,412 [INFO] - HTTP Request: GET https://tianqi.2345.com/wea_history/72022.htm?y=2025&m=4 "HTTP/1.1 200 OK"
2026-01-03 03:21:54,556 [INFO] - HTTP Request: GET https://tianqi.2345.com/wea_history/72022.htm?y=2025&m=5 "HTTP/1.1 200 OK"
2026-01-03 03:21:54,643 [INFO] - HTTP Request: GET https://tianqi.2345.com/wea_history/72022.htm?y=2025&m=5 "HTTP/1.1 200 OK"
2026-01-03 03:21:54,719 [INFO] - HTTP Request: GET https://tianqi.2345.com/wea_history/72025.htm?y=2025&m=7 "HTTP/1.1 200 OK"
2026-01-03 03:21:54,821 [INFO] - HTTP Request: GET https://tianqi.2345.com/wea_history/72027.htm?y=2025&m=7 "HTTP/1.1 200 OK"
2026-01-03 03:21:54,910 [INFO] - HTTP Request: GET https://tianqi.2345.com/wea_history/60025.htm?y=2025&m=8 "HTTP/1.1 200 OK"
2026-01-03 03:21:54,995 [INFO] - HTTP Request: GET https://tianqi.2345.com/wea_history/72027.htm?y=2025&m=9 "HTTP/1.1 200 OK"
2026-01-03 03:21:55,088 [INFO] - HTTP Request: GET https://tianqi.2345.com/wea_history/72023.htm?y=2025&m=10 "HTTP/1.1 200 OK"
2026-01-03 03:21:55,174 [INFO] - HTTP Request: GET https://tianqi.2345.com/wea_history/72023.htm?y=2025&m=11 "HTTP/1.1 200 OK"
2026-01-03 03:21:55,262 [INFO] - HTTP Request: GET https://tianqi.2345.com/wea_history/60025.htm?y=2025&m=11 "HTTP/1.1 200 OK"
2026-01-03 03:21:55,329 [INFO] - HTTP Request: GET https://tianqi.2345.com/wea_history/70077.htm?y=2025&m=12 "HTTP/1.1 200 OK"
2026-01-03 03:21:55,404 [INFO] - HTTP Request: GET https://tianqi.2345.com/wea_history/72022.htm?y=2025&m=12 "HTTP/1.1 200 OK"
2026-01-03 03:21:55,635 [INFO] - HTTP Request: GET https://tianqi.2345.com/wea_history/60024.htm?y=2025&m=1 "HTTP/1.1 200 OK"
2026-01-03 03:21:55,834 [INFO] - HTTP Request: GET https://tianqi.2345.com/wea_history/60024.htm?y=2025&m=6 "HTTP/1.1 200 OK"
2026-01-03 03:21:56,091 [INFO] - HTTP Request: GET https://tianqi.2345.com/wea_history/72028.htm?y=2025&m=5 "HTTP/1.1 200 OK"
2026-01-03 03:21:56,329 [INFO] - HTTP Request: GET https://tianqi.2345.com/wea_history/60025.htm?y=2025&m=8 "HTTP/1.1 200 OK"
2026-01-03 03:21:56,544 [INFO] - HTTP Request: GET https://tianqi.2345.com/wea_history/72027.htm?y=2025&m=4 "HTTP/1.1 200 OK"
2026-01-03 03:21:56,751 [INFO] - HTTP Request: GET https://tianqi.2345.com/wea_history/72024.htm?y=2025&m=8 "HTTP/1.1 200 OK"
2026-01-03 03:21:56,976 [INFO] - HTTP Request: GET https://tianqi.2345.com/wea_history/72028.htm?y=2025&m=10 "HTTP/1.1 200 OK"
2026-01-03 03:21:57,256 [INFO] - HTTP Request: GET https://tianqi.2345.com/wea_history/72024.htm?y=2025&m=7 "HTTP/1.1 200 OK"
2026-01-03 03:21:57,513 [INFO] - HTTP Request: GET https://tianqi.2345.com/wea_history/72022.htm?y=2025&m=10 "HTTP/1.1 200 OK"
2026-01-03 03:21:57,772 [INFO] - HTTP Request: GET https://tianqi.2345.com/wea_history/60025.htm?y=2025&m=8 "HTTP/1.1 200 OK"
2026-01-03 03:21:58,025 [INFO] - HTTP Request: GET https://tianqi.2345.com/wea_history/72024.htm?y=2025&m=9 "HTTP/1.1 200 OK"
2026-01-03 03:21:58,274 [INFO] - HTTP Request: GET https://tianqi.2345.com/wea_history/72023.htm?y=2025&m=7 "HTTP/1.1 200 OK"
2026-01-03 03:21:58,507 [INFO] - HTTP Request: GET https://tianqi.2345.com/wea_history/72027.htm?y=2025&m=1 "HTTP/1.1 200 OK"
2026-01-03 03:21:58,751 [INFO] - HTTP Request: GET https://tianqi.2345.com/wea_history/72026.htm?y=2025&m=3 "HTTP/1.1 200 OK"
2026-01-03 03:21:59,018 [INFO] - HTTP Request: GET https://tianqi.2345.com/wea_history/72024.htm?y=2025&m=3 "HTTP/1.1 200 OK"
2026-01-03 03:21:59,393 [INFO] - HTTP Request: GET https://tianqi.2345.com/wea_history/60368.htm?y=2025&m=7 "HTTP/1.1 200 OK"
2026-01-03 03:21:59,638 [INFO] - HTTP Request: GET https://tianqi.2345.com/wea_history/72023.htm?y=2025&m=8 "HTTP/1.1 200 OK"
2026-01-03 03:21:59,885 [INFO] - HTTP Request: GET https://tianqi.2345.com/wea_history/60368.htm?y=2025&m=7 "HTTP/1.1 200 OK"
2026-01-03 03:22:00,124 [INFO] - HTTP Request: GET https://tianqi.2345.com/wea_history/60024.htm?y=2025&m=2 "HTTP/1.1 200 OK"
2026-01-03 03:22:00,363 [INFO] - HTTP Request: GET https://tianqi.2345.com/wea_history/72023.htm?y=2025&m=3 "HTTP/1.1 200 OK"
2026-01-03 03:22:00,624 [INFO] - HTTP Request: GET https://tianqi.2345.com/wea_history/72028.htm?y=2025&m=8 "HTTP/1.1 200 OK"
2026-01-03 03:22:00,873 [INFO] - HTTP Request: GET https://tianqi.2345.com/wea_history/60024.htm?y=2025&m=6 "HTTP/1.1 200 OK"
2026-01-03 03:22:01,127 [INFO] - HTTP Request: GET https://tianqi.2345.com/wea_history/72022.htm?y=2025&m=5 "HTTP/1.1 200 OK"
2026-01-03 03:22:01,383 [INFO] - HTTP Request: GET https://tianqi.2345.com/wea_history/72025.htm?y=2025&m=3 "HTTP/1.1 200 OK"
2026-01-03 03:22:01,629 [INFO] - HTTP Request: GET https://tianqi.2345.com/wea_history/72022.htm?y=2025&m=4 "HTTP/1.1 200 OK"
2026-01-03 03:22:01,882 [INFO] - HTTP Request: GET https://tianqi.2345.com/wea_history/60024.htm?y=2025&m=3 "HTTP/1.1 200 OK"
2026-01-03 03:22:02,096 [INFO] - HTTP Request: GET https://tianqi.2345.com/wea_history/60368.htm?y=2025&m=10 "HTTP/1.1 200 OK"
2026-01-03 03:22:02,338 [INFO] - HTTP Request: GET https://tianqi.2345.com/wea_history/72028.htm?y=2025&m=9 "HTTP/1.1 200 OK"
2026-01-03 03:22:02,708 [INFO] - HTTP Request: GET https://tianqi.2345.com/wea_history/72026.htm?y=2025&m=6 "HTTP/1.1 200 OK"
2026-01-03 03:22:02,953 [INFO] - HTTP Request: GET https://tianqi.2345.com/wea_history/72024.htm?y=2025&m=12 "HTTP/1.1 200 OK"
2026-01-03 03:22:03,244 [INFO] - HTTP Request: GET https://tianqi.2345.com/wea_history/60368.htm?y=2025&m=10 "HTTP/1.1 200 OK"
2026-01-03 03:22:03,483 [INFO] - HTTP Request: GET https://tianqi.2345.com/wea_history/72027.htm?y=2025&m=4 "HTTP/1.1 200 OK"
2026-01-03 03:22:03,725 [INFO] - HTTP Request: GET https://tianqi.2345.com/wea_history/72024.htm?y=2025&m=3 "HTTP/1.1 200 OK"
2026-01-03 03:22:03,967 [INFO] - HTTP Request: GET https://tianqi.2345.com/wea_history/60024.htm?y=2025&m=4 "HTTP/1.1 200 OK"
2026-01-03 03:22:04,270 [INFO] - HTTP Request: GET https://tianqi.2345.com/wea_history/60025.htm?y=2025&m=10 "HTTP/1.1 200 OK"
2026-01-03 03:22:04,535 [INFO] - HTTP Request: GET https://tianqi.2345.com/wea_history/72028.htm?y=2025&m=3 "HTTP/1.1 200 OK"
2026-01-03 03:22:04,774 [INFO] - HTTP Request: GET https://tianqi.2345.com/wea_history/60025.htm?y=2025&m=8 "HTTP/1.1 200 OK"
2026-01-03 03:22:05,056 [INFO] - HTTP Request: GET https://tianqi.2345.com/wea_history/72028.htm?y=2025&m=7 "HTTP/1.1 200 OK"
2026-01-03 03:22:05,308 [INFO] - HTTP Request: GET https://tianqi.2345.com/wea_history/72026.htm?y=2025&m=9 "HTTP/1.1 200 OK"
2026-01-03 03:22:05,558 [INFO] - HTTP Request: GET https://tianqi.2345.com/wea_history/60368.htm?y=2025&m=2 "HTTP/1.1 200 OK"
2026-01-03 03:22:05,824 [INFO] - HTTP Request: GET https://tianqi.2345.com/wea_history/72027.htm?y=2025&m=7 "HTTP/1.1 200 OK"
2026-01-03 03:22:06,255 [INFO] - HTTP Request: GET https://tianqi.2345.com/wea_history/60025.htm?y=2025&m=5 "HTTP/1.1 200 OK"
2026-01-03 03:22:06,517 [INFO] - HTTP Request: GET https://tianqi.2345.com/wea_history/60368.htm?y=2025&m=5 "HTTP/1.1 200 OK"
2026-01-03 03:22:06,777 [INFO] - HTTP Request: GET https://tianqi.2345.com/wea_history/72022.htm?y=2025&m=9 "HTTP/1.1 200 OK"
2026-01-03 03:22:07,014 [INFO] - HTTP Request: GET https://tianqi.2345.com/wea_history/72025.htm?y=2025&m=5 "HTTP/1.1 200 OK"
2026-01-03 03:22:07,303 [INFO] - HTTP Request: GET https://tianqi.2345.com/wea_history/72022.htm?y=2025&m=3 "HTTP/1.1 200 OK"
2026-01-03 03:22:07,506 [INFO] - HTTP Request: GET https://tianqi.2345.com/wea_history/72027.htm?y=2025&m=8 "HTTP/1.1 200 OK"
2026-01-03 03:22:07,761 [INFO] - HTTP Request: GET https://tianqi.2345.com/wea_history/72024.htm?y=2025&m=5 "HTTP/1.1 200 OK"
2026-01-03 03:22:08,022 [INFO] - HTTP Request: GET https://tianqi.2345.com/wea_history/60025.htm?y=2025&m=1 "HTTP/1.1 200 OK"
2026-01-03 03:22:08,313 [INFO] - HTTP Request: GET https://tianqi.2345.com/wea_history/72026.htm?y=2025&m=1 "HTTP/1.1 200 OK"
2026-01-03 03:22:08,564 [INFO] - HTTP Request: GET https://tianqi.2345.com/wea_history/72025.htm?y=2025&m=5 "HTTP/1.1 200 OK"
2026-01-03 03:22:08,849 [INFO] - HTTP Request: GET https://tianqi.2345.com/wea_history/72026.htm?y=2025&m=12 "HTTP/1.1 200 OK"
2026-01-03 03:22:08,887 [INFO] - HTTP Request: GET https://tianqi.2345.com/wea_history/72026.htm?y=2025&m=12 "HTTP/1.1 200 OK"
2026-01-03 03:22:09,000 [INFO] - HTTP Request: GET https://tianqi.2345.com/wea_history/72023.htm?y=2025&m=12 "HTTP/1.1 200 OK"
2026-01-03 03:22:09,228 [INFO] - HTTP Request: GET https://tianqi.2345.com/wea_history/72026.htm?y=2025&m=12 "HTTP/1.1 200 OK"
2026-01-03 03:22:09,246 [INFO] - HTTP Request: GET https://tianqi.2345.com/wea_history/70077.htm?y=2025&m=2 "HTTP/1.1 200 OK"
2026-01-03 03:22:09,331 [INFO] - HTTP Request: GET https://tianqi.2345.com/wea_history/72024.htm?y=2025&m=12 "HTTP/1.1 200 OK"
2026-01-03 03:22:09,457 [INFO] - HTTP Request: GET https://tianqi.2345.com/wea_history/60368.htm?y=2025&m=12 "HTTP/1.1 200 OK"
2026-01-03 03:22:09,553 [INFO] - HTTP Request: GET https://tianqi.2345.com/wea_history/72023.htm?y=2025&m=2 "HTTP/1.1 200 OK"
2026-01-03 03:22:09,562 [INFO] - HTTP Request: GET https://tianqi.2345.com/wea_history/72027.htm?y=2025&m=12 "HTTP/1.1 200 OK"
2026-01-03 03:22:09,707 [INFO] - HTTP Request: GET https://tianqi.2345.com/wea_history/72025.htm?y=2025&m=12 "HTTP/1.1 200 OK"
2026-01-03 03:22:09,801 [INFO] - HTTP Request: GET https://tianqi.2345.com/wea_history/72022.htm?y=2025&m=12 "HTTP/1.1 200 OK"
2026-01-03 03:22:09,862 [INFO] - HTTP Request: GET https://tianqi.2345.com/wea_history/72022.htm?y=2025&m=7 "HTTP/1.1 200 OK"
2026-01-03 03:22:09,915 [INFO] - HTTP Request: GET https://tianqi.2345.com/wea_history/60024.htm?y=2025&m=12 "HTTP/1.1 200 OK"
2026-01-03 03:22:10,025 [INFO] - HTTP Request: GET https://tianqi.2345.com/wea_history/72028.htm?y=2025&m=12 "HTTP/1.1 200 OK"
2026-01-03 03:22:10,122 [INFO] - HTTP Request: GET https://tianqi.2345.com/wea_history/60368.htm?y=2025&m=12 "HTTP/1.1 200 OK"
2026-01-03 03:22:10,158 [INFO] - HTTP Request: GET https://tianqi.2345.com/wea_history/72027.htm?y=2025&m=3 "HTTP/1.1 200 OK"
2026-01-03 03:22:10,235 [INFO] - HTTP Request: GET https://tianqi.2345.com/wea_history/72024.htm?y=2025&m=12 "HTTP/1.1 200 OK"
2026-01-03 03:22:10,452 [INFO] - HTTP Request: GET https://tianqi.2345.com/wea_history/72028.htm?y=2025&m=12 "HTTP/1.1 200 OK"
2026-01-03 03:22:10,561 [INFO] - HTTP Request: GET https://tianqi.2345.com/wea_history/60368.htm?y=2026&m=1 "HTTP/1.1 200 OK"
2026-01-03 03:22:10,678 [INFO] - HTTP Request: GET https://tianqi.2345.com/wea_history/72024.htm?y=2026&m=1 "HTTP/1.1 200 OK"
2026-01-03 03:22:10,787 [INFO] - HTTP Request: GET https://tianqi.2345.com/wea_history/72023.htm?y=2026&m=1 "HTTP/1.1 200 OK"
2026-01-03 03:22:11,047 [INFO] - HTTP Request: GET https://tianqi.2345.com/wea_history/72025.htm?y=2025&m=12 "HTTP/1.1 200 OK"
2026-01-03 03:22:11,337 [INFO] - HTTP Request: GET https://tianqi.2345.com/wea_history/72023.htm?y=2025&m=12 "HTTP/1.1 200 OK"
2026-01-03 03:22:11,588 [INFO] - HTTP Request: GET https://tianqi.2345.com/wea_history/60368.htm?y=2025&m=12 "HTTP/1.1 200 OK"
2026-01-03 03:22:11,868 [INFO] - HTTP Request: GET https://tianqi.2345.com/wea_history/72023.htm?y=2025&m=12 "HTTP/1.1 200 OK"
2026-01-03 03:22:12,130 [INFO] - HTTP Request: GET https://tianqi.2345.com/wea_history/72023.htm?y=2025&m=12 "HTTP/1.1 200 OK"
2026-01-03 03:22:12,388 [INFO] - HTTP Request: GET https://tianqi.2345.com/wea_history/70077.htm?y=2025&m=12 "HTTP/1.1 200 OK"
2026-01-03 03:22:12,627 [INFO] - HTTP Request: GET https://tianqi.2345.com/wea_history/72028.htm?y=2025&m=12 "HTTP/1.1 200 OK"
2026-01-03 03:22:12,850 [INFO] - HTTP Request: GET https://tianqi.2345.com/wea_history/72026.htm?y=2025&m=12 "HTTP/1.1 200 OK"
2026-01-03 03:22:13,140 [INFO] - HTTP Request: GET https://tianqi.2345.com/wea_history/72024.htm?y=2025&m=12 "HTTP/1.1 200 OK"
2026-01-03 03:22:13,512 [INFO] - HTTP Request: GET https://tianqi.2345.com/wea_history/72022.htm?y=2025&m=12 "HTTP/1.1 200 OK"
2026-01-03 03:22:13,784 [INFO] - HTTP Request: GET https://tianqi.2345.com/wea_history/72025.htm?y=2025&m=12 "HTTP/1.1 200 OK"
2026-01-03 03:22:14,021 [INFO] - HTTP Request: GET https://tianqi.2345.com/wea_history/72025.htm?y=2025&m=12 "HTTP/1.1 200 OK"
2026-01-03 03:22:14,277 [INFO] - HTTP Request: GET https://tianqi.2345.com/wea_history/72025.htm?y=2025&m=12 "HTTP/1.1 200 OK"
2026-01-03 03:22:14,504 [INFO] - HTTP Request: GET https://tianqi.2345.com/wea_history/72022.htm?y=2025&m=12 "HTTP/1.1 200 OK"
2026-01-03 03:22:14,758 [INFO] - HTTP Request: GET https://tianqi.2345.com/wea_history/60025.htm?y=2025&m=12 "HTTP/1.1 200 OK"
2026-01-03 03:22:14,967 [INFO] - HTTP Request: GET https://tianqi.2345.com/wea_history/72028.htm?y=2025&m=12 "HTTP/1.1 200 OK"
2026-01-03 03:22:15,184 [INFO] - HTTP Request: GET https://tianqi.2345.com/wea_history/72022.htm?y=2025&m=12 "HTTP/1.1 200 OK"
2026-01-03 03:22:15,423 [INFO] - HTTP Request: GET https://tianqi.2345.com/wea_history/60025.htm?y=2025&m=12 "HTTP/1.1 200 OK"
2026-01-03 03:22:15,666 [INFO] - HTTP Request: GET https://tianqi.2345.com/wea_history/72022.htm?y=2025&m=12 "HTTP/1.1 200 OK"
2026-01-03 03:22:15,921 [INFO] - HTTP Request: GET https://tianqi.2345.com/wea_history/72027.htm?y=2025&m=12 "HTTP/1.1 200 OK"
2026-01-03 03:22:16,151 [INFO] - HTTP Request: GET https://tianqi.2345.com/wea_history/60025.htm?y=2025&m=12 "HTTP/1.1 200 OK"
2026-01-03 03:22:16,414 [INFO] - HTTP Request: GET https://tianqi.2345.com/wea_history/60025.htm?y=2025&m=12 "HTTP/1.1 200 OK"
2026-01-03 03:22:16,770 [INFO] - HTTP Request: GET https://tianqi.2345.com/wea_history/72023.htm?y=2025&m=12 "HTTP/1.1 200 OK"
2026-01-03 03:22:17,033 [INFO] - HTTP Request: GET https://tianqi.2345.com/wea_history/60024.htm?y=2025&m=12 "HTTP/1.1 200 OK"
2026-01-03 03:22:17,281 [INFO] - HTTP Request: GET https://tianqi.2345.com/wea_history/60368.htm?y=2025&m=12 "HTTP/1.1 200 OK"
2026-01-03 03:22:17,540 [INFO] - HTTP Request: GET https://tianqi.2345.com/wea_history/72026.htm?y=2025&m=12 "HTTP/1.1 200 OK"
2026-01-03 03:22:17,766 [INFO] - HTTP Request: GET https://tianqi.2345.com/wea_history/72022.htm?y=2025&m=12 "HTTP/1.1 200 OK"
2026-01-03 03:22:18,011 [INFO] - HTTP Request: GET https://tianqi.2345.com/wea_history/72028.htm?y=2025&m=12 "HTTP/1.1 200 OK"
2026-01-03 03:22:18,256 [INFO] - HTTP Request: GET https://tianqi.2345.com/wea_history/72026.htm?y=2025&m=12 "HTTP/1.1 200 OK"
2026-01-03 03:22:18,489 [INFO] - HTTP Request: GET https://tianqi.2345.com/wea_history/70077.htm?y=2025&m=12 "HTTP/1.1 200 OK"
2026-01-03 03:22:18,747 [INFO] - HTTP Request: GET https://tianqi.2345.com/wea_history/60025.htm?y=2025&m=12 "HTTP/1.1 200 OK"
2026-01-03 03:22:19,001 [INFO] - HTTP Request: GET https://tianqi.2345.com/wea_history/60025.htm?y=2025&m=12 "HTTP/1.1 200 OK"
2026-01-03 03:22:19,287 [INFO] - HTTP Request: GET https://tianqi.2345.com/wea_history/72022.htm?y=2025&m=12 "HTTP/1.1 200 OK"
2026-01-03 03:22:19,533 [INFO] - HTTP Request: GET https://tianqi.2345.com/wea_history/72022.htm?y=2025&m=12 "HTTP/1.1 200 OK"
2026-01-03 03:22:19,798 [INFO] - HTTP Request: GET https://tianqi.2345.com/wea_history/72028.htm?y=2025&m=12 "HTTP/1.1 200 OK"
2026-01-03 03:22:20,159 [INFO] - HTTP Request: GET https://tianqi.2345.com/wea_history/72026.htm?y=2025&m=12 "HTTP/1.1 200 OK"
2026-01-03 03:22:20,390 [INFO] - HTTP Request: GET https://tianqi.2345.com/wea_history/72023.htm?y=2025&m=12 "HTTP/1.1 200 OK"
2026-01-03 03:22:20,645 [INFO] - HTTP Request: GET https://tianqi.2345.com/wea_history/60368.htm?y=2026&m=1 "HTTP/1.1 200 OK"
2026-01-03 03:22:20,890 [INFO] - HTTP Request: GET https://tianqi.2345.com/wea_history/72028.htm?y=2025&m=12 "HTTP/1.1 200 OK"
2026-01-03 03:22:21,114 [INFO] - HTTP Request: GET https://tianqi.2345.com/wea_history/72027.htm?y=2025&m=12 "HTTP/1.1 200 OK"
2026-01-03 03:22:21,356 [INFO] - HTTP Request: GET https://tianqi.2345.com/wea_history/72022.htm?y=2025&m=12 "HTTP/1.1 200 OK"
2026-01-03 03:22:21,584 [INFO] - HTTP Request: GET https://tianqi.2345.com/wea_history/60024.htm?y=2025&m=12 "HTTP/1.1 200 OK"
2026-01-03 03:22:21,845 [INFO] - HTTP Request: GET https://tianqi.2345.com/wea_history/72024.htm?y=2025&m=12 "HTTP/1.1 200 OK"
2026-01-03 03:22:22,074 [INFO] - HTTP Request: GET https://tianqi.2345.com/wea_history/60368.htm?y=2025&m=12 "HTTP/1.1 200 OK"
2026-01-03 03:22:22,312 [INFO] - HTTP Request: GET https://tianqi.2345.com/wea_history/72025.htm?y=2025&m=12 "HTTP/1.1 200 OK"
2026-01-03 03:22:22,531 [INFO] - HTTP Request: GET https://tianqi.2345.com/wea_history/72023.htm?y=2025&m=12 "HTTP/1.1 200 OK"
2026-01-03 03:22:22,783 [INFO] - HTTP Request: GET https://tianqi.2345.com/wea_history/72026.htm?y=2025&m=12 "HTTP/1.1 200 OK"
2026-01-03 03:22:23,034 [INFO] - HTTP Request: GET https://tianqi.2345.com/wea_history/72024.htm?y=2025&m=12 "HTTP/1.1 200 OK"
2026-01-03 03:22:23,413 [INFO] - HTTP Request: GET https://tianqi.2345.com/wea_history/72022.htm?y=2025&m=12 "HTTP/1.1 200 OK"
2026-01-03 03:22:23,622 [INFO] - HTTP Request: GET https://tianqi.2345.com/wea_history/72026.htm?y=2025&m=12 "HTTP/1.1 200 OK"
2026-01-03 03:22:23,905 [INFO] - HTTP Request: GET https://tianqi.2345.com/wea_history/72025.htm?y=2025&m=12 "HTTP/1.1 200 OK"
2026-01-03 03:22:24,159 [INFO] - HTTP Request: GET https://tianqi.2345.com/wea_history/72022.htm?y=2025&m=12 "HTTP/1.1 200 OK"
2026-01-03 03:22:24,411 [INFO] - HTTP Request: GET https://tianqi.2345.com/wea_history/72023.htm?y=2025&m=12 "HTTP/1.1 200 OK"
2026-01-03 03:22:24,657 [INFO] - HTTP Request: GET https://tianqi.2345.com/wea_history/72022.htm?y=2025&m=12 "HTTP/1.1 200 OK"
2026-01-03 03:22:24,865 [INFO] - HTTP Request: GET https://tianqi.2345.com/wea_history/72026.htm?y=2025&m=12 "HTTP/1.1 200 OK"
2026-01-03 03:22:25,117 [INFO] - HTTP Request: GET https://tianqi.2345.com/wea_history/60025.htm?y=2025&m=12 "HTTP/1.1 200 OK"
2026-01-03 03:22:25,346 [INFO] - HTTP Request: GET https://tianqi.2345.com/wea_history/72023.htm?y=2025&m=12 "HTTP/1.1 200 OK"
2026-01-03 03:22:25,593 [INFO] - HTTP Request: GET https://tianqi.2345.com/wea_history/72023.htm?y=2025&m=12 "HTTP/1.1 200 OK"
2026-01-03 03:28:20,800 [INFO] - HTTP Request: GET https://tianqi.2345.com/wea_history/72028.htm?y=2025&m=1 "HTTP/1.1 200 OK"
2026-01-03 03:28:20,920 [INFO] - HTTP Request: GET https://tianqi.2345.com/wea_history/72023.htm?y=2025&m=1 "HTTP/1.1 200 OK"
2026-01-03 03:28:21,020 [INFO] - HTTP Request: GET https://tianqi.2345.com/wea_history/72023.htm?y=2025&m=1 "HTTP/1.1 200 OK"
2026-01-03 03:28:21,136 [INFO] - HTTP Request: GET https://tianqi.2345.com/wea_history/72027.htm?y=2025&m=2 "HTTP/1.1 200 OK"
2026-01-03 03:28:21,243 [INFO] - HTTP Request: GET https://tianqi.2345.com/wea_history/72022.htm?y=2025&m=3 "HTTP/1.1 200 OK"
2026-01-03 03:28:21,358 [INFO] - HTTP Request: GET https://tianqi.2345.com/wea_history/72027.htm?y=2025&m=4 "HTTP/1.1 200 OK"
2026-01-03 03:28:21,464 [INFO] - HTTP Request: GET https://tianqi.2345.com/wea_history/72027.htm?y=2025&m=5 "HTTP/1.1 200 OK"
2026-01-03 03:28:21,572 [INFO] - HTTP Request: GET https://tianqi.2345.com/wea_history/60024.htm?y=2025&m=6 "HTTP/1.1 200 OK"
2026-01-03 03:28:21,665 [INFO] - HTTP Request: GET https://tianqi.2345.com/wea_history/60024.htm?y=2025&m=6 "HTTP/1.1 200 OK"
2026-01-03 03:28:21,774 [INFO] - HTTP Request: GET https://tianqi.2345.com/wea_history/72027.htm?y=2025&m=6 "HTTP/1.1 200 OK"
2026-01-03 03:28:21,875 [INFO] - HTTP Request: GET https://tianqi.2345.com/wea_history/72027.htm?y=2025&m=6 "HTTP/1.1 200 OK"
2026-01-03 03:28:21,980 [INFO] - HTTP Request: GET https://tianqi.2345.com/wea_history/72024.htm?y=2025&m=8 "HTTP/1.1 200 OK"
2026-01-03 03:28:22,092 [INFO] - HTTP Request: GET https://tianqi.2345.com/wea_history/72026.htm?y=2025&m=9 "HTTP/1.1 200 OK"
2026-01-03 03:28:22,297 [INFO] - HTTP Request: GET https://tianqi.2345.com/wea_history/60025.htm?y=2025&m=10 "HTTP/1.1 200 OK"
2026-01-03 03:28:22,408 [INFO] - HTTP Request: GET https://tianqi.2345.com/wea_history/70077.htm?y=2025&m=10 "HTTP/1.1 200 OK"
2026-01-03 03:28:22,513 [INFO] - HTTP Request: GET https://tianqi.2345.com/wea_history/72024.htm?y=2025&m=10 "HTTP/1.1 200 OK"
2026-01-03 03:28:22,612 [INFO] - HTTP Request: GET https://tianqi.2345.com/wea_history/72023.htm?y=2025&m=11 "HTTP/1.1 200 OK"
2026-01-03 03:28:22,694 [INFO] - HTTP Request: GET https://tianqi.2345.com/wea_history/72023.htm?y=2025&m=11 "HTTP/1.1 200 OK"
2026-01-03 03:28:22,781 [INFO] - HTTP Request: GET https://tianqi.2345.com/wea_history/72024.htm?y=2025&m=11 "HTTP/1.1 200 OK"
2026-01-03 03:28:22,888 [INFO] - HTTP Request: GET https://tianqi.2345.com/wea_history/72025.htm?y=2025&m=11 "HTTP/1.1 200 OK"
2026-01-03 03:28:23,125 [INFO] - HTTP Request: GET https://tianqi.2345.com/wea_history/72025.htm?y=2025&m=8 "HTTP/1.1 200 OK"
2026-01-03 03:28:23,419 [INFO] - HTTP Request: GET https://tianqi.2345.com/wea_history/72023.htm?y=2025&m=6 "HTTP/1.1 200 OK"
2026-01-03 03:28:23,657 [INFO] - HTTP Request: GET https://tianqi.2345.com/wea_history/60024.htm?y=2025&m=4 "HTTP/1.1 200 OK"
2026-01-03 03:28:23,900 [INFO] - HTTP Request: GET https://tianqi.2345.com/wea_history/72027.htm?y=2025&m=12 "HTTP/1.1 200 OK"
2026-01-03 03:28:24,161 [INFO] - HTTP Request: GET https://tianqi.2345.com/wea_history/72026.htm?y=2025&m=7 "HTTP/1.1 200 OK"
2026-01-03 03:28:24,452 [INFO] - HTTP Request: GET https://tianqi.2345.com/wea_history/72025.htm?y=2025&m=6 "HTTP/1.1 200 OK"
2026-01-03 03:28:24,865 [INFO] - HTTP Request: GET https://tianqi.2345.com/wea_history/70077.htm?y=2025&m=2 "HTTP/1.1 200 OK"
2026-01-03 03:28:25,077 [INFO] - HTTP Request: GET https://tianqi.2345.com/wea_history/72025.htm?y=2025&m=11 "HTTP/1.1 200 OK"
2026-01-03 03:28:25,308 [INFO] - HTTP Request: GET https://tianqi.2345.com/wea_history/72024.htm?y=2025&m=9 "HTTP/1.1 200 OK"
2026-01-03 03:28:25,577 [INFO] - HTTP Request: GET https://tianqi.2345.com/wea_history/60025.htm?y=2025&m=8 "HTTP/1.1 200 OK"
2026-01-03 03:28:25,848 [INFO] - HTTP Request: GET https://tianqi.2345.com/wea_history/60024.htm?y=2025&m=2 "HTTP/1.1 200 OK"
2026-01-03 03:28:26,097 [INFO] - HTTP Request: GET https://tianqi.2345.com/wea_history/72028.htm?y=2025&m=9 "HTTP/1.1 200 OK"
2026-01-03 03:28:26,392 [INFO] - HTTP Request: GET https://tianqi.2345.com/wea_history/60368.htm?y=2025&m=3 "HTTP/1.1 200 OK"
2026-01-03 03:28:26,629 [INFO] - HTTP Request: GET https://tianqi.2345.com/wea_history/60025.htm?y=2025&m=6 "HTTP/1.1 200 OK"
2026-01-03 03:28:26,880 [INFO] - HTTP Request: GET https://tianqi.2345.com/wea_history/60368.htm?y=2025&m=6 "HTTP/1.1 200 OK"
2026-01-03 03:28:27,109 [INFO] - HTTP Request: GET https://tianqi.2345.com/wea_history/72025.htm?y=2025&m=4 "HTTP/1.1 200 OK"
2026-01-03 03:28:27,359 [INFO] - HTTP Request: GET https://tianqi.2345.com/wea_history/72028.htm?y=2025&m=10 "HTTP/1.1 200 OK"
2026-01-03 03:28:27,577 [INFO] - HTTP Request: GET https://tianqi.2345.com/wea_history/72028.htm?y=2025&m=9 "HTTP/1.1 200 OK"
2026-01-03 03:28:27,842 [INFO] - HTTP Request: GET https://tianqi.2345.com/wea_history/60024.htm?y=2025&m=8 "HTTP/1.1 200 OK"
2026-01-03 03:28:28,084 [INFO] - HTTP Request: GET https://tianqi.2345.com/wea_history/72025.htm?y=2025&m=3 "HTTP/1.1 200 OK"
2026-01-03 03:28:28,466 [INFO] - HTTP Request: GET https://tianqi.2345.com/wea_history/72022.htm?y=2025&m=12 "HTTP/1.1 200 OK"
2026-01-03 03:28:28,713 [INFO] - HTTP Request: GET https://tianqi.2345.com/wea_history/70077.htm?y=2025&m=9 "HTTP/1.1 200 OK"
2026-01-03 03:28:28,969 [INFO] - HTTP Request: GET https://tianqi.2345.com/wea_history/60368.htm?y=2025&m=8 "HTTP/1.1 200 OK"
2026-01-03 03:28:29,183 [INFO] - HTTP Request: GET https://tianqi.2345.com/wea_history/72022.htm?y=2025&m=12 "HTTP/1.1 200 OK"
2026-01-03 03:28:29,575 [INFO] - HTTP Request: GET https://tianqi.2345.com/wea_history/60368.htm?y=2025&m=10 "HTTP/1.1 200 OK"
2026-01-03 03:28:29,861 [INFO] - HTTP Request: GET https://tianqi.2345.com/wea_history/72026.htm?y=2025&m=11 "HTTP/1.1 200 OK"
2026-01-03 03:28:30,066 [INFO] - HTTP Request: GET https://tianqi.2345.com/wea_history/60025.htm?y=2025&m=2 "HTTP/1.1 200 OK"
2026-01-03 03:28:30,317 [INFO] - HTTP Request: GET https://tianqi.2345.com/wea_history/60368.htm?y=2025&m=5 "HTTP/1.1 200 OK"
2026-01-03 03:28:30,557 [INFO] - HTTP Request: GET https://tianqi.2345.com/wea_history/72028.htm?y=2025&m=4 "HTTP/1.1 200 OK"
2026-01-03 03:28:30,796 [INFO] - HTTP Request: GET https://tianqi.2345.com/wea_history/70077.htm?y=2025&m=6 "HTTP/1.1 200 OK"
2026-01-03 03:28:31,101 [INFO] - HTTP Request: GET https://tianqi.2345.com/wea_history/72022.htm?y=2025&m=4 "HTTP/1.1 200 OK"
2026-01-03 03:28:31,358 [INFO] - HTTP Request: GET https://tianqi.2345.com/wea_history/60025.htm?y=2025&m=2 "HTTP/1.1 200 OK"
2026-01-03 03:28:31,603 [INFO] - HTTP Request: GET https://tianqi.2345.com/wea_history/60024.htm?y=2025&m=2 "HTTP/1.1 200 OK"
2026-01-03 03:28:31,937 [INFO] - HTTP Request: GET https://tianqi.2345.com/wea_history/72027.htm?y=2025&m=6 "HTTP/1.1 200 OK"
2026-01-03 03:28:32,197 [INFO] - HTTP Request: GET https://tianqi.2345.com/wea_history/72028.htm?y=2025&m=5 "HTTP/1.1 200 OK"
2026-01-03 03:28:32,399 [INFO] - HTTP Request: GET https://tianqi.2345.com/wea_history/60024.htm?y=2025&m=12 "HTTP/1.1 200 OK"
2026-01-03 03:28:32,704 [INFO] - HTTP Request: GET https://tianqi.2345.com/wea_history/72028.htm?y=2025&m=9 "HTTP/1.1 200 OK"
2026-01-03 03:28:32,943 [INFO] - HTTP Request: GET https://tianqi.2345.com/wea_history/72027.htm?y=2025&m=7 "HTTP/1.1 200 OK"
2026-01-03 03:28:33,204 [INFO] - HTTP Request: GET https://tianqi.2345.com/wea_history/60025.htm?y=2025&m=5 "HTTP/1.1 200 OK"
2026-01-03 03:28:33,445 [INFO] - HTTP Request: GET https://tianqi.2345.com/wea_history/72024.htm?y=2025&m=1 "HTTP/1.1 200 OK"
2026-01-03 03:28:33,715 [INFO] - HTTP Request: GET https://tianqi.2345.com/wea_history/72023.htm?y=2025&m=9 "HTTP/1.1 200 OK"
2026-01-03 03:28:33,958 [INFO] - HTTP Request: GET https://tianqi.2345.com/wea_history/72028.htm?y=2025&m=1 "HTTP/1.1 200 OK"
2026-01-03 03:28:34,190 [INFO] - HTTP Request: GET https://tianqi.2345.com/wea_history/70077.htm?y=2025&m=4 "HTTP/1.1 200 OK"
2026-01-03 03:28:34,436 [INFO] - HTTP Request: GET https://tianqi.2345.com/wea_history/72022.htm?y=2025&m=12 "HTTP/1.1 200 OK"
2026-01-03 03:28:34,689 [INFO] - HTTP Request: GET https://tianqi.2345.com/wea_history/72026.htm?y=2025&m=2 "HTTP/1.1 200 OK"
2026-01-03 03:28:34,884 [INFO] - HTTP Request: GET https://tianqi.2345.com/wea_history/72024.htm?y=2025&m=10 "HTTP/1.1 200 OK"
2026-01-03 03:28:35,263 [INFO] - HTTP Request: GET https://tianqi.2345.com/wea_history/70077.htm?y=2025&m=1 "HTTP/1.1 200 OK"
2026-01-03 03:28:35,505 [INFO] - HTTP Request: GET https://tianqi.2345.com/wea_history/72022.htm?y=2025&m=1 "HTTP/1.1 200 OK"
2026-01-03 03:28:35,762 [INFO] - HTTP Request: GET https://tianqi.2345.com/wea_history/70077.htm?y=2025&m=9 "HTTP/1.1 200 OK"
2026-01-03 03:28:36,018 [INFO] - HTTP Request: GET https://tianqi.2345.com/wea_history/70077.htm?y=2025&m=11 "HTTP/1.1 200 OK"
2026-01-03 03:28:36,269 [INFO] - HTTP Request: GET https://tianqi.2345.com/wea_history/72028.htm?y=2025&m=10 "HTTP/1.1 200 OK"
2026-01-03 03:32:05,895 [INFO] - HTTP Request: GET https://tianqi.2345.com/wea_history/60025.htm?y=2025&m=1 "HTTP/1.1 200 OK"
2026-01-03 03:32:06,030 [INFO] - HTTP Request: GET https://tianqi.2345.com/wea_history/72024.htm?y=2025&m=2 "HTTP/1.1 200 OK"
2026-01-03 03:32:06,251 [INFO] - HTTP Request: GET https://tianqi.2345.com/wea_history/60024.htm?y=2025&m=3 "HTTP/1.1 200 OK"
2026-01-03 03:32:06,356 [INFO] - HTTP Request: GET https://tianqi.2345.com/wea_history/60368.htm?y=2025&m=3 "HTTP/1.1 200 OK"
2026-01-03 03:32:06,466 [INFO] - HTTP Request: GET https://tianqi.2345.com/wea_history/72023.htm?y=2025&m=4 "HTTP/1.1 200 OK"
2026-01-03 03:32:06,582 [INFO] - HTTP Request: GET https://tianqi.2345.com/wea_history/72026.htm?y=2025&m=5 "HTTP/1.1 200 OK"
2026-01-03 03:32:06,670 [INFO] - HTTP Request: GET https://tianqi.2345.com/wea_history/72028.htm?y=2025&m=6 "HTTP/1.1 200 OK"
2026-01-03 03:32:06,754 [INFO] - HTTP Request: GET https://tianqi.2345.com/wea_history/72028.htm?y=2025&m=7 "HTTP/1.1 200 OK"
2026-01-03 03:32:06,859 [INFO] - HTTP Request: GET https://tianqi.2345.com/wea_history/60368.htm?y=2025&m=7 "HTTP/1.1 200 OK"
2026-01-03 03:32:06,973 [INFO] - HTTP Request: GET https://tianqi.2345.com/wea_history/72022.htm?y=2025&m=8 "HTTP/1.1 200 OK"
2026-01-03 03:32:07,074 [INFO] - HTTP Request: GET https://tianqi.2345.com/wea_history/60025.htm?y=2025&m=8 "HTTP/1.1 200 OK"
2026-01-03 03:32:07,179 [INFO] - HTTP Request: GET https://tianqi.2345.com/wea_history/72023.htm?y=2025&m=9 "HTTP/1.1 200 OK"
2026-01-03 03:32:07,374 [INFO] - HTTP Request: GET https://tianqi.2345.com/wea_history/72025.htm?y=2025&m=9 "HTTP/1.1 200 OK"
2026-01-03 03:32:07,482 [INFO] - HTTP Request: GET https://tianqi.2345.com/wea_history/60368.htm?y=2025&m=9 "HTTP/1.1 200 OK"
2026-01-03 03:32:07,582 [INFO] - HTTP Request: GET https://tianqi.2345.com/wea_history/60368.htm?y=2025&m=10 "HTTP/1.1 200 OK"
2026-01-03 03:32:07,768 [INFO] - HTTP Request: GET https://tianqi.2345.com/wea_history/72028.htm?y=2025&m=10 "HTTP/1.1 200 OK"
2026-01-03 03:32:07,878 [INFO] - HTTP Request: GET https://tianqi.2345.com/wea_history/72027.htm?y=2025&m=10 "HTTP/1.1 200 OK"
2026-01-03 03:32:07,986 [INFO] - HTTP Request: GET https://tianqi.2345.com/wea_history/72026.htm?y=2025&m=12 "HTTP/1.1 200 OK"
2026-01-03 03:36:26,796 [INFO] - HTTP Request: GET https://tianqi.2345.com/wea_history/72027.htm?y=2025&m=1 "HTTP/1.1 200 OK"
2026-01-03 03:36:26,908 [INFO] - HTTP Request: GET https://tianqi.2345.com/wea_history/72023.htm?y=2025&m=2 "HTTP/1.1 200 OK"
2026-01-03 03:36:27,040 [INFO] - HTTP Request: GET https://tianqi.2345.com/wea_history/70077.htm?y=2025&m=2 "HTTP/1.1 200 OK"
2026-01-03 03:36:27,120 [INFO] - HTTP Request: GET https://tianqi.2345.com/wea_history/60368.htm?y=2025&m=2 "HTTP/1.1 200 OK"
2026-01-03 03:36:27,214 [INFO] - HTTP Request: GET https://tianqi.2345.com/wea_history/72022.htm?y=2025&m=2 "HTTP/1.1 200 OK"
2026-01-03 03:36:27,303 [INFO] - HTTP Request: GET https://tianqi.2345.com/wea_history/72025.htm?y=2025&m=2 "HTTP/1.1 200 OK"
2026-01-03 03:36:27,406 [INFO] - HTTP Request: GET https://tianqi.2345.com/wea_history/72027.htm?y=2025&m=2 "HTTP/1.1 200 OK"
2026-01-03 03:36:27,501 [INFO] - HTTP Request: GET https://tianqi.2345.com/wea_history/72027.htm?y=2025&m=4 "HTTP/1.1 200 OK"
2026-01-03 03:36:27,599 [INFO] - HTTP Request: GET https://tianqi.2345.com/wea_history/60368.htm?y=2025&m=5 "HTTP/1.1 200 OK"
2026-01-03 03:36:27,685 [INFO] - HTTP Request: GET https://tianqi.2345.com/wea_history/60024.htm?y=2025&m=5 "HTTP/1.1 200 OK"
2026-01-03 03:36:27,782 [INFO] - HTTP Request: GET https://tianqi.2345.com/wea_history/60024.htm?y=2025&m=6 "HTTP/1.1 200 OK"
2026-01-03 03:36:27,866 [INFO] - HTTP Request: GET https://tianqi.2345.com/wea_history/60024.htm?y=2025&m=7 "HTTP/1.1 200 OK"
2026-01-03 03:36:28,020 [INFO] - HTTP Request: GET https://tianqi.2345.com/wea_history/72028.htm?y=2025&m=9 "HTTP/1.1 200 OK"
2026-01-03 03:36:28,126 [INFO] - HTTP Request: GET https://tianqi.2345.com/wea_history/72028.htm?y=2025&m=9 "HTTP/1.1 200 OK"
2026-01-03 03:36:28,310 [INFO] - HTTP Request: GET https://tianqi.2345.com/wea_history/72028.htm?y=2025&m=11 "HTTP/1.1 200 OK"
2026-01-03 03:36:28,515 [INFO] - HTTP Request: GET https://tianqi.2345.com/wea_history/60368.htm?y=2025&m=11 "HTTP/1.1 200 OK"
2026-01-03 03:36:28,617 [INFO] - HTTP Request: GET https://tianqi.2345.com/wea_history/72022.htm?y=2025&m=12 "HTTP/1.1 200 OK"
2026-01-03 03:36:28,716 [INFO] - HTTP Request: GET https://tianqi.2345.com/wea_history/72027.htm?y=2025&m=12 "HTTP/1.1 200 OK"
2026-01-03 03:36:28,834 [INFO] - HTTP Request: GET https://tianqi.2345.com/wea_history/60368.htm?y=2025&m=12 "HTTP/1.1 200 OK"
2026-01-03 03:39:44,104 [INFO] - HTTP Request: GET https://tianqi.2345.com/wea_history/72028.htm?y=2025&m=12 "HTTP/1.1 200 OK"
2026-01-03 03:39:44,209 [INFO] - HTTP Request: GET https://tianqi.2345.com/wea_history/60368.htm?y=2025&m=12 "HTTP/1.1 200 OK"
2026-01-03 03:39:44,340 [INFO] - HTTP Request: GET https://tianqi.2345.com/wea_history/72024.htm?y=2025&m=12 "HTTP/1.1 200 OK"
2026-01-03 03:39:44,429 [INFO] - HTTP Request: GET https://tianqi.2345.com/wea_history/60025.htm?y=2025&m=12 "HTTP/1.1 200 OK"
2026-01-03 03:39:44,519 [INFO] - HTTP Request: GET https://tianqi.2345.com/wea_history/72026.htm?y=2025&m=12 "HTTP/1.1 200 OK"
2026-01-03 03:39:44,607 [INFO] - HTTP Request: GET https://tianqi.2345.com/wea_history/72023.htm?y=2025&m=12 "HTTP/1.1 200 OK"
2026-01-03 03:39:44,701 [INFO] - HTTP Request: GET https://tianqi.2345.com/wea_history/72027.htm?y=2025&m=12 "HTTP/1.1 200 OK"
2026-01-03 03:39:44,787 [INFO] - HTTP Request: GET https://tianqi.2345.com/wea_history/72024.htm?y=2025&m=12 "HTTP/1.1 200 OK"
2026-01-03 03:39:44,861 [INFO] - HTTP Request: GET https://tianqi.2345.com/wea_history/72022.htm?y=2025&m=12 "HTTP/1.1 200 OK"
2026-01-03 03:39:44,937 [INFO] - HTTP Request: GET https://tianqi.2345.com/wea_history/72027.htm?y=2025&m=12 "HTTP/1.1 200 OK"
2026-01-03 03:39:45,021 [INFO] - HTTP Request: GET https://tianqi.2345.com/wea_history/72028.htm?y=2025&m=12 "HTTP/1.1 200 OK"
2026-01-03 03:39:45,113 [INFO] - HTTP Request: GET https://tianqi.2345.com/wea_history/72025.htm?y=2025&m=12 "HTTP/1.1 200 OK"
2026-01-03 03:39:45,180 [INFO] - HTTP Request: GET https://tianqi.2345.com/wea_history/72023.htm?y=2025&m=12 "HTTP/1.1 200 OK"
2026-01-03 03:39:45,262 [INFO] - HTTP Request: GET https://tianqi.2345.com/wea_history/60025.htm?y=2026&m=1 "HTTP/1.1 200 OK"
2026-01-03 03:39:45,356 [INFO] - HTTP Request: GET https://tianqi.2345.com/wea_history/72026.htm?y=2026&m=1 "HTTP/1.1 200 OK"
2026-01-03 03:39:45,498 [INFO] - HTTP Request: GET https://tianqi.2345.com/wea_history/72023.htm?y=2026&m=1 "HTTP/1.1 200 OK"
2026-01-03 03:39:45,578 [INFO] - HTTP Request: GET https://tianqi.2345.com/wea_history/72025.htm?y=2026&m=1 "HTTP/1.1 200 OK"
2026-01-03 03:39:45,671 [INFO] - HTTP Request: GET https://tianqi.2345.com/wea_history/72024.htm?y=2026&m=1 "HTTP/1.1 200 OK"
2026-01-03 03:39:45,755 [INFO] - HTTP Request: GET https://tianqi.2345.com/wea_history/72022.htm?y=2026&m=1 "HTTP/1.1 200 OK"
2026-01-03 03:44:02,107 [INFO] - HTTP Request: GET https://tianqi.2345.com/wea_history/70077.htm?y=2025&m=12 "HTTP/1.1 200 OK"
2026-01-03 03:44:02,226 [INFO] - HTTP Request: GET https://tianqi.2345.com/wea_history/60368.htm?y=2025&m=12 "HTTP/1.1 200 OK"
2026-01-03 03:44:02,333 [INFO] - HTTP Request: GET https://tianqi.2345.com/wea_history/72024.htm?y=2025&m=12 "HTTP/1.1 200 OK"
2026-01-03 03:44:02,434 [INFO] - HTTP Request: GET https://tianqi.2345.com/wea_history/72026.htm?y=2025&m=12 "HTTP/1.1 200 OK"
2026-01-03 03:44:02,524 [INFO] - HTTP Request: GET https://tianqi.2345.com/wea_history/60024.htm?y=2025&m=12 "HTTP/1.1 200 OK"
2026-01-03 03:44:02,645 [INFO] - HTTP Request: GET https://tianqi.2345.com/wea_history/72023.htm?y=2025&m=12 "HTTP/1.1 200 OK"
2026-01-03 03:44:02,811 [INFO] - HTTP Request: GET https://tianqi.2345.com/wea_history/70077.htm?y=2025&m=12 "HTTP/1.1 200 OK"
2026-01-03 03:44:02,895 [INFO] - HTTP Request: GET https://tianqi.2345.com/wea_history/72025.htm?y=2025&m=12 "HTTP/1.1 200 OK"
2026-01-03 03:44:03,015 [INFO] - HTTP Request: GET https://tianqi.2345.com/wea_history/72026.htm?y=2025&m=12 "HTTP/1.1 200 OK"
2026-01-03 03:44:03,115 [INFO] - HTTP Request: GET https://tianqi.2345.com/wea_history/60024.htm?y=2025&m=12 "HTTP/1.1 200 OK"
2026-01-03 03:44:03,235 [INFO] - HTTP Request: GET https://tianqi.2345.com/wea_history/72023.htm?y=2025&m=12 "HTTP/1.1 200 OK"
2026-01-03 03:44:03,595 [INFO] - HTTP Request: GET https://tianqi.2345.com/wea_history/72027.htm?y=2025&m=12 "HTTP/1.1 200 OK"
2026-01-03 03:44:03,706 [INFO] - HTTP Request: GET https://tianqi.2345.com/wea_history/72027.htm?y=2025&m=12 "HTTP/1.1 200 OK"
2026-01-03 03:44:03,796 [INFO] - HTTP Request: GET https://tianqi.2345.com/wea_history/60025.htm?y=2026&m=1 "HTTP/1.1 200 OK"
2026-01-03 03:44:03,906 [INFO] - HTTP Request: GET https://tianqi.2345.com/wea_history/72026.htm?y=2026&m=1 "HTTP/1.1 200 OK"
2026-01-03 03:44:04,014 [INFO] - HTTP Request: GET https://tianqi.2345.com/wea_history/72027.htm?y=2026&m=1 "HTTP/1.1 200 OK"
2026-01-03 03:44:04,097 [INFO] - HTTP Request: GET https://tianqi.2345.com/wea_history/72028.htm?y=2026&m=1 "HTTP/1.1 200 OK"
2026-01-03 03:44:04,176 [INFO] - HTTP Request: GET https://tianqi.2345.com/wea_history/72024.htm?y=2026&m=1 "HTTP/1.1 200 OK"
2026-01-03 03:44:04,257 [INFO] - HTTP Request: GET https://tianqi.2345.com/wea_history/72022.htm?y=2026&m=1 "HTTP/1.1 200 OK"
2026-01-03 03:44:45,168 [INFO] - HTTP Request: GET https://tianqi.2345.com/wea_history/72028.htm?y=2025&m=12 "HTTP/1.1 200 OK"
2026-01-03 03:44:45,276 [INFO] - HTTP Request: GET https://tianqi.2345.com/wea_history/72024.htm?y=2025&m=12 "HTTP/1.1 200 OK"
2026-01-03 03:44:45,368 [INFO] - HTTP Request: GET https://tianqi.2345.com/wea_history/60024.htm?y=2025&m=12 "HTTP/1.1 200 OK"
2026-01-03 03:44:45,564 [INFO] - HTTP Request: GET https://tianqi.2345.com/wea_history/72022.htm?y=2025&m=12 "HTTP/1.1 200 OK"
2026-01-03 03:44:45,681 [INFO] - HTTP Request: GET https://tianqi.2345.com/wea_history/72023.htm?y=2025&m=12 "HTTP/1.1 200 OK"
2026-01-03 03:44:45,778 [INFO] - HTTP Request: GET https://tianqi.2345.com/wea_history/70077.htm?y=2025&m=12 "HTTP/1.1 200 OK"
2026-01-03 03:44:45,925 [INFO] - HTTP Request: GET https://tianqi.2345.com/wea_history/60368.htm?y=2025&m=12 "HTTP/1.1 200 OK"
2026-01-03 03:44:46,007 [INFO] - HTTP Request: GET https://tianqi.2345.com/wea_history/60025.htm?y=2025&m=12 "HTTP/1.1 200 OK"
2026-01-03 03:44:46,093 [INFO] - HTTP Request: GET https://tianqi.2345.com/wea_history/60024.htm?y=2025&m=12 "HTTP/1.1 200 OK"
2026-01-03 03:44:46,198 [INFO] - HTTP Request: GET https://tianqi.2345.com/wea_history/72023.htm?y=2025&m=12 "HTTP/1.1 200 OK"
2026-01-03 03:44:46,312 [INFO] - HTTP Request: GET https://tianqi.2345.com/wea_history/72027.htm?y=2025&m=12 "HTTP/1.1 200 OK"
2026-01-03 03:44:46,420 [INFO] - HTTP Request: GET https://tianqi.2345.com/wea_history/60368.htm?y=2026&m=1 "HTTP/1.1 200 OK"
2026-01-03 03:44:46,570 [INFO] - HTTP Request: GET https://tianqi.2345.com/wea_history/72026.htm?y=2026&m=1 "HTTP/1.1 200 OK"
2026-01-03 03:44:46,690 [INFO] - HTTP Request: GET https://tianqi.2345.com/wea_history/72022.htm?y=2026&m=1 "HTTP/1.1 200 OK"
2026-01-03 03:44:46,810 [INFO] - HTTP Request: GET https://tianqi.2345.com/wea_history/72023.htm?y=2026&m=1 "HTTP/1.1 200 OK"
2026-01-03 03:44:46,916 [INFO] - HTTP Request: GET https://tianqi.2345.com/wea_history/72028.htm?y=2026&m=1 "HTTP/1.1 200 OK"
2026-01-03 03:44:47,126 [INFO] - HTTP Request: GET https://tianqi.2345.com/wea_history/72025.htm?y=2026&m=1 "HTTP/1.1 200 OK"
2026-01-03 03:44:47,231 [INFO] - HTTP Request: GET https://tianqi.2345.com/wea_history/72022.htm?y=2026&m=1 "HTTP/1.1 200 OK"
2026-01-03 04:27:19,116 [INFO] - HTTP Request: GET https://tianqi.2345.com/wea_history/60024.htm?y=2025&m=12 "HTTP/1.1 200 OK"
2026-01-03 04:27:19,217 [INFO] - HTTP Request: GET https://tianqi.2345.com/wea_history/72023.htm?y=2025&m=12 "HTTP/1.1 200 OK"
2026-01-03 04:27:19,411 [INFO] - HTTP Request: GET https://tianqi.2345.com/wea_history/60368.htm?y=2025&m=12 "HTTP/1.1 200 OK"
2026-01-03 04:27:19,527 [INFO] - HTTP Request: GET https://tianqi.2345.com/wea_history/60025.htm?y=2025&m=12 "HTTP/1.1 200 OK"
2026-01-03 04:27:19,655 [INFO] - HTTP Request: GET https://tianqi.2345.com/wea_history/72026.htm?y=2025&m=12 "HTTP/1.1 200 OK"
2026-01-03 04:27:19,771 [INFO] - HTTP Request: GET https://tianqi.2345.com/wea_history/72022.htm?y=2025&m=12 "HTTP/1.1 200 OK"
2026-01-03 04:27:19,883 [INFO] - HTTP Request: GET https://tianqi.2345.com/wea_history/72023.htm?y=2025&m=12 "HTTP/1.1 200 OK"
2026-01-03 04:27:20,016 [INFO] - HTTP Request: GET https://tianqi.2345.com/wea_history/72028.htm?y=2025&m=12 "HTTP/1.1 200 OK"
2026-01-03 04:27:20,132 [INFO] - HTTP Request: GET https://tianqi.2345.com/wea_history/72025.htm?y=2025&m=12 "HTTP/1.1 200 OK"
2026-01-03 04:27:20,263 [INFO] - HTTP Request: GET https://tianqi.2345.com/wea_history/72027.htm?y=2025&m=12 "HTTP/1.1 200 OK"
2026-01-03 04:27:20,387 [INFO] - HTTP Request: GET https://tianqi.2345.com/wea_history/70077.htm?y=2026&m=1 "HTTP/1.1 200 OK"
2026-01-03 04:27:20,515 [INFO] - HTTP Request: GET https://tianqi.2345.com/wea_history/72028.htm?y=2026&m=1 "HTTP/1.1 200 OK"
2026-01-03 04:27:20,641 [INFO] - HTTP Request: GET https://tianqi.2345.com/wea_history/60025.htm?y=2026&m=1 "HTTP/1.1 200 OK"
2026-01-03 04:27:20,759 [INFO] - HTTP Request: GET https://tianqi.2345.com/wea_history/72026.htm?y=2026&m=1 "HTTP/1.1 200 OK"
2026-01-03 04:27:20,884 [INFO] - HTTP Request: GET https://tianqi.2345.com/wea_history/72025.htm?y=2026&m=1 "HTTP/1.1 200 OK"
2026-01-03 04:27:21,002 [INFO] - HTTP Request: GET https://tianqi.2345.com/wea_history/72027.htm?y=2026&m=1 "HTTP/1.1 200 OK"
2026-01-03 04:27:21,232 [INFO] - HTTP Request: GET https://tianqi.2345.com/wea_history/72024.htm?y=2026&m=1 "HTTP/1.1 200 OK"
2026-01-03 04:27:21,403 [INFO] - HTTP Request: GET https://tianqi.2345.com/wea_history/72022.htm?y=2026&m=1 "HTTP/1.1 200 OK"
2026-01-03 04:27:21,526 [INFO] - HTTP Request: GET https://tianqi.2345.com/wea_history/72023.htm?y=2026&m=1 "HTTP/1.1 200 OK"
2026-01-03 04:28:16,046 [INFO] - HTTP Request: GET https://tianqi.2345.com/wea_history/60368.htm?y=2025&m=12 "HTTP/1.1 200 OK"
2026-01-03 04:28:16,156 [INFO] - HTTP Request: GET https://tianqi.2345.com/wea_history/72024.htm?y=2025&m=12 "HTTP/1.1 200 OK"
2026-01-03 04:28:16,261 [INFO] - HTTP Request: GET https://tianqi.2345.com/wea_history/72026.htm?y=2025&m=12 "HTTP/1.1 200 OK"
2026-01-03 04:28:16,376 [INFO] - HTTP Request: GET https://tianqi.2345.com/wea_history/72023.htm?y=2025&m=12 "HTTP/1.1 200 OK"
2026-01-03 04:28:16,483 [INFO] - HTTP Request: GET https://tianqi.2345.com/wea_history/72027.htm?y=2025&m=12 "HTTP/1.1 200 OK"
2026-01-03 04:28:16,587 [INFO] - HTTP Request: GET https://tianqi.2345.com/wea_history/70077.htm?y=2025&m=12 "HTTP/1.1 200 OK"
2026-01-03 04:28:16,702 [INFO] - HTTP Request: GET https://tianqi.2345.com/wea_history/72028.htm?y=2025&m=12 "HTTP/1.1 200 OK"
2026-01-03 04:28:16,817 [INFO] - HTTP Request: GET https://tianqi.2345.com/wea_history/60368.htm?y=2025&m=12 "HTTP/1.1 200 OK"
2026-01-03 04:28:16,927 [INFO] - HTTP Request: GET https://tianqi.2345.com/wea_history/60025.htm?y=2025&m=12 "HTTP/1.1 200 OK"
2026-01-03 04:28:17,046 [INFO] - HTTP Request: GET https://tianqi.2345.com/wea_history/72026.htm?y=2025&m=12 "HTTP/1.1 200 OK"
2026-01-03 04:28:17,152 [INFO] - HTTP Request: GET https://tianqi.2345.com/wea_history/72023.htm?y=2025&m=12 "HTTP/1.1 200 OK"
2026-01-03 04:28:17,256 [INFO] - HTTP Request: GET https://tianqi.2345.com/wea_history/72025.htm?y=2025&m=12 "HTTP/1.1 200 OK"
2026-01-03 04:28:17,458 [INFO] - HTTP Request: GET https://tianqi.2345.com/wea_history/72022.htm?y=2025&m=12 "HTTP/1.1 200 OK"
2026-01-03 04:28:17,556 [INFO] - HTTP Request: GET https://tianqi.2345.com/wea_history/70077.htm?y=2026&m=1 "HTTP/1.1 200 OK"
2026-01-03 04:28:17,660 [INFO] - HTTP Request: GET https://tianqi.2345.com/wea_history/60368.htm?y=2026&m=1 "HTTP/1.1 200 OK"
2026-01-03 04:28:17,761 [INFO] - HTTP Request: GET https://tianqi.2345.com/wea_history/60024.htm?y=2026&m=1 "HTTP/1.1 200 OK"
2026-01-03 04:28:17,876 [INFO] - HTTP Request: GET https://tianqi.2345.com/wea_history/72027.htm?y=2026&m=1 "HTTP/1.1 200 OK"
2026-01-03 04:28:17,973 [INFO] - HTTP Request: GET https://tianqi.2345.com/wea_history/72022.htm?y=2026&m=1 "HTTP/1.1 200 OK"
2026-01-03 04:28:18,073 [INFO] - HTTP Request: GET https://tianqi.2345.com/wea_history/72027.htm?y=2026&m=1 "HTTP/1.1 200 OK"
2026-01-03 04:28:18,179 [INFO] - HTTP Request: GET https://tianqi.2345.com/wea_history/72022.htm?y=2026&m=1 "HTTP/1.1 200 OK"
2026-01-03 18:28:58,298 [INFO] - HTTP Request: GET https://tianqi.2345.com/wea_history/72028.htm?y=2025&m=12 "HTTP/1.1 200 OK"
2026-01-03 18:28:58,398 [INFO] - HTTP Request: GET https://tianqi.2345.com/wea_history/60368.htm?y=2025&m=12 "HTTP/1.1 200 OK"
2026-01-03 18:28:58,586 [INFO] - HTTP Request: GET https://tianqi.2345.com/wea_history/72025.htm?y=2025&m=12 "HTTP/1.1 200 OK"
2026-01-03 18:28:58,694 [INFO] - HTTP Request: GET https://tianqi.2345.com/wea_history/72024.htm?y=2025&m=12 "HTTP/1.1 200 OK"
2026-01-03 18:28:58,800 [INFO] - HTTP Request: GET https://tianqi.2345.com/wea_history/60025.htm?y=2025&m=12 "HTTP/1.1 200 OK"
2026-01-03 18:28:58,918 [INFO] - HTTP Request: GET https://tianqi.2345.com/wea_history/72022.htm?y=2025&m=12 "HTTP/1.1 200 OK"
2026-01-03 18:28:59,032 [INFO] - HTTP Request: GET https://tianqi.2345.com/wea_history/72023.htm?y=2025&m=12 "HTTP/1.1 200 OK"
2026-01-03 18:28:59,147 [INFO] - HTTP Request: GET https://tianqi.2345.com/wea_history/72027.htm?y=2025&m=12 "HTTP/1.1 200 OK"
2026-01-03 18:28:59,263 [INFO] - HTTP Request: GET https://tianqi.2345.com/wea_history/70077.htm?y=2025&m=12 "HTTP/1.1 200 OK"
2026-01-03 18:28:59,370 [INFO] - HTTP Request: GET https://tianqi.2345.com/wea_history/72025.htm?y=2025&m=12 "HTTP/1.1 200 OK"
2026-01-03 18:28:59,474 [INFO] - HTTP Request: GET https://tianqi.2345.com/wea_history/60025.htm?y=2025&m=12 "HTTP/1.1 200 OK"
2026-01-03 18:28:59,594 [INFO] - HTTP Request: GET https://tianqi.2345.com/wea_history/72027.htm?y=2025&m=12 "HTTP/1.1 200 OK"
2026-01-03 18:28:59,712 [INFO] - HTTP Request: GET https://tianqi.2345.com/wea_history/72028.htm?y=2025&m=12 "HTTP/1.1 200 OK"
2026-01-03 18:28:59,818 [INFO] - HTTP Request: GET https://tianqi.2345.com/wea_history/72023.htm?y=2025&m=12 "HTTP/1.1 200 OK"
2026-01-03 18:28:59,928 [INFO] - HTTP Request: GET https://tianqi.2345.com/wea_history/72027.htm?y=2025&m=12 "HTTP/1.1 200 OK"
2026-01-03 18:29:00,141 [INFO] - HTTP Request: GET https://tianqi.2345.com/wea_history/72023.htm?y=2026&m=1 "HTTP/1.1 200 OK"
2026-01-03 18:29:00,257 [INFO] - HTTP Request: GET https://tianqi.2345.com/wea_history/72028.htm?y=2026&m=1 "HTTP/1.1 200 OK"
2026-01-03 18:29:00,371 [INFO] - HTTP Request: GET https://tianqi.2345.com/wea_history/72026.htm?y=2026&m=1 "HTTP/1.1 200 OK"
2026-01-03 18:29:00,481 [INFO] - HTTP Request: GET https://tianqi.2345.com/wea_history/72027.htm?y=2026&m=1 "HTTP/1.1 200 OK"
2026-01-03 18:29:00,581 [INFO] - HTTP Request: GET https://tianqi.2345.com/wea_history/72024.htm?y=2026&m=1 "HTTP/1.1 200 OK"
2026-01-03 18:30:11,002 [INFO] - HTTP Request: GET https://tianqi.2345.com/wea_history/70077.htm?y=2025&m=12 "HTTP/1.1 200 OK"
2026-01-03 18:30:11,213 [INFO] - HTTP Request: GET https://tianqi.2345.com/wea_history/60025.htm?y=2025&m=12 "HTTP/1.1 200 OK"
2026-01-03 18:30:11,362 [INFO] - HTTP Request: GET https://tianqi.2345.com/wea_history/72026.htm?y=2025&m=12 "HTTP/1.1 200 OK"
2026-01-03 18:30:11,453 [INFO] - HTTP Request: GET https://tianqi.2345.com/wea_history/60024.htm?y=2025&m=12 "HTTP/1.1 200 OK"
2026-01-03 18:30:11,549 [INFO] - HTTP Request: GET https://tianqi.2345.com/wea_history/72023.htm?y=2025&m=12 "HTTP/1.1 200 OK"
2026-01-03 18:30:11,634 [INFO] - HTTP Request: GET https://tianqi.2345.com/wea_history/60368.htm?y=2025&m=12 "HTTP/1.1 200 OK"
2026-01-03 18:30:11,754 [INFO] - HTTP Request: GET https://tianqi.2345.com/wea_history/60025.htm?y=2025&m=12 "HTTP/1.1 200 OK"
2026-01-03 18:30:11,862 [INFO] - HTTP Request: GET https://tianqi.2345.com/wea_history/72022.htm?y=2025&m=12 "HTTP/1.1 200 OK"
2026-01-03 18:30:11,995 [INFO] - HTTP Request: GET https://tianqi.2345.com/wea_history/72026.htm?y=2025&m=12 "HTTP/1.1 200 OK"
2026-01-03 18:30:12,073 [INFO] - HTTP Request: GET https://tianqi.2345.com/wea_history/72022.htm?y=2025&m=12 "HTTP/1.1 200 OK"
2026-01-03 18:30:12,164 [INFO] - HTTP Request: GET https://tianqi.2345.com/wea_history/72027.htm?y=2025&m=12 "HTTP/1.1 200 OK"
2026-01-03 18:30:12,266 [INFO] - HTTP Request: GET https://tianqi.2345.com/wea_history/70077.htm?y=2026&m=1 "HTTP/1.1 200 OK"
2026-01-03 18:30:12,378 [INFO] - HTTP Request: GET https://tianqi.2345.com/wea_history/72024.htm?y=2026&m=1 "HTTP/1.1 200 OK"
2026-01-03 18:30:12,467 [INFO] - HTTP Request: GET https://tianqi.2345.com/wea_history/72022.htm?y=2026&m=1 "HTTP/1.1 200 OK"
2026-01-03 18:30:12,569 [INFO] - HTTP Request: GET https://tianqi.2345.com/wea_history/72023.htm?y=2026&m=1 "HTTP/1.1 200 OK"
2026-01-03 18:30:12,656 [INFO] - HTTP Request: GET https://tianqi.2345.com/wea_history/72027.htm?y=2026&m=1 "HTTP/1.1 200 OK"
2026-01-03 18:30:12,751 [INFO] - HTTP Request: GET https://tianqi.2345.com/wea_history/72022.htm?y=2026&m=1 "HTTP/1.1 200 OK"
2026-01-03 18:30:12,839 [INFO] - HTTP Request: GET https://tianqi.2345.com/wea_history/72023.htm?y=2026&m=1 "HTTP/1.1 200 OK"
2026-01-03 18:30:22,537 [INFO] - HTTP Request: GET https://tianqi.2345.com/wea_history/72028.htm?y=2025&m=12 "HTTP/1.1 200 OK"
2026-01-03 18:30:22,620 [INFO] - HTTP Request: GET https://tianqi.2345.com/wea_history/72026.htm?y=2025&m=12 "HTTP/1.1 200 OK"
2026-01-03 18:30:22,708 [INFO] - HTTP Request: GET https://tianqi.2345.com/wea_history/72023.htm?y=2025&m=12 "HTTP/1.1 200 OK"
2026-01-03 18:30:22,774 [INFO] - HTTP Request: GET https://tianqi.2345.com/wea_history/70077.htm?y=2025&m=12 "HTTP/1.1 200 OK"
2026-01-03 18:30:22,850 [INFO] - HTTP Request: GET https://tianqi.2345.com/wea_history/60368.htm?y=2025&m=12 "HTTP/1.1 200 OK"
2026-01-03 18:30:22,941 [INFO] - HTTP Request: GET https://tianqi.2345.com/wea_history/72024.htm?y=2025&m=12 "HTTP/1.1 200 OK"
2026-01-03 18:30:23,029 [INFO] - HTTP Request: GET https://tianqi.2345.com/wea_history/60025.htm?y=2025&m=12 "HTTP/1.1 200 OK"
2026-01-03 18:30:23,104 [INFO] - HTTP Request: GET https://tianqi.2345.com/wea_history/72026.htm?y=2025&m=12 "HTTP/1.1 200 OK"
2026-01-03 18:30:23,193 [INFO] - HTTP Request: GET https://tianqi.2345.com/wea_history/72028.htm?y=2025&m=12 "HTTP/1.1 200 OK"
2026-01-03 18:30:23,303 [INFO] - HTTP Request: GET https://tianqi.2345.com/wea_history/72023.htm?y=2025&m=12 "HTTP/1.1 200 OK"
2026-01-03 18:30:23,383 [INFO] - HTTP Request: GET https://tianqi.2345.com/wea_history/72027.htm?y=2025&m=12 "HTTP/1.1 200 OK"
2026-01-03 18:30:23,459 [INFO] - HTTP Request: GET https://tianqi.2345.com/wea_history/60025.htm?y=2026&m=1 "HTTP/1.1 200 OK"
2026-01-03 18:30:23,552 [INFO] - HTTP Request: GET https://tianqi.2345.com/wea_history/72026.htm?y=2026&m=1 "HTTP/1.1 200 OK"
2026-01-03 18:30:23,625 [INFO] - HTTP Request: GET https://tianqi.2345.com/wea_history/72027.htm?y=2026&m=1 "HTTP/1.1 200 OK"
2026-01-03 18:30:23,713 [INFO] - HTTP Request: GET https://tianqi.2345.com/wea_history/72025.htm?y=2026&m=1 "HTTP/1.1 200 OK"
2026-01-03 18:30:23,799 [INFO] - HTTP Request: GET https://tianqi.2345.com/wea_history/72024.htm?y=2026&m=1 "HTTP/1.1 200 OK"
2026-01-03 18:30:23,868 [INFO] - HTTP Request: GET https://tianqi.2345.com/wea_history/72022.htm?y=2026&m=1 "HTTP/1.1 200 OK"
2026-01-03 18:30:23,937 [INFO] - HTTP Request: GET https://tianqi.2345.com/wea_history/72025.htm?y=2026&m=1 "HTTP/1.1 200 OK"
2026-01-03 18:30:24,013 [INFO] - HTTP Request: GET https://tianqi.2345.com/wea_history/72022.htm?y=2026&m=1 "HTTP/1.1 200 OK"
2026-01-03 18:30:24,093 [INFO] - HTTP Request: GET https://tianqi.2345.com/wea_history/72023.htm?y=2026&m=1 "HTTP/1.1 200 OK"
2026-01-03 18:30:45,204 [INFO] - HTTP Request: GET https://tianqi.2345.com/wea_history/60368.htm?y=2025&m=12 "HTTP/1.1 200 OK"
2026-01-03 18:30:45,304 [INFO] - HTTP Request: GET https://tianqi.2345.com/wea_history/72025.htm?y=2025&m=12 "HTTP/1.1 200 OK"
2026-01-03 18:30:45,396 [INFO] - HTTP Request: GET https://tianqi.2345.com/wea_history/72023.htm?y=2025&m=12 "HTTP/1.1 200 OK"
2026-01-03 18:30:45,472 [INFO] - HTTP Request: GET https://tianqi.2345.com/wea_history/70077.htm?y=2025&m=12 "HTTP/1.1 200 OK"
2026-01-03 18:30:45,547 [INFO] - HTTP Request: GET https://tianqi.2345.com/wea_history/72028.htm?y=2025&m=12 "HTTP/1.1 200 OK"
2026-01-03 18:30:45,608 [INFO] - HTTP Request: GET https://tianqi.2345.com/wea_history/72026.htm?y=2025&m=12 "HTTP/1.1 200 OK"
2026-01-03 18:30:45,684 [INFO] - HTTP Request: GET https://tianqi.2345.com/wea_history/60024.htm?y=2025&m=12 "HTTP/1.1 200 OK"
2026-01-03 18:30:45,781 [INFO] - HTTP Request: GET https://tianqi.2345.com/wea_history/72022.htm?y=2025&m=12 "HTTP/1.1 200 OK"
2026-01-03 18:30:45,862 [INFO] - HTTP Request: GET https://tianqi.2345.com/wea_history/72028.htm?y=2025&m=12 "HTTP/1.1 200 OK"
2026-01-03 18:30:45,948 [INFO] - HTTP Request: GET https://tianqi.2345.com/wea_history/72025.htm?y=2025&m=12 "HTTP/1.1 200 OK"
2026-01-03 18:30:46,028 [INFO] - HTTP Request: GET https://tianqi.2345.com/wea_history/72024.htm?y=2025&m=12 "HTTP/1.1 200 OK"
2026-01-03 18:30:46,114 [INFO] - HTTP Request: GET https://tianqi.2345.com/wea_history/72022.htm?y=2025&m=12 "HTTP/1.1 200 OK"
2026-01-03 18:30:46,235 [INFO] - HTTP Request: GET https://tianqi.2345.com/wea_history/70077.htm?y=2026&m=1 "HTTP/1.1 200 OK"
2026-01-03 18:30:46,318 [INFO] - HTTP Request: GET https://tianqi.2345.com/wea_history/72028.htm?y=2026&m=1 "HTTP/1.1 200 OK"
2026-01-03 18:30:46,399 [INFO] - HTTP Request: GET https://tianqi.2345.com/wea_history/60025.htm?y=2026&m=1 "HTTP/1.1 200 OK"
2026-01-03 18:30:46,502 [INFO] - HTTP Request: GET https://tianqi.2345.com/wea_history/72024.htm?y=2026&m=1 "HTTP/1.1 200 OK"
2026-01-03 18:30:46,599 [INFO] - HTTP Request: GET https://tianqi.2345.com/wea_history/72022.htm?y=2026&m=1 "HTTP/1.1 200 OK"
2026-01-03 18:30:46,692 [INFO] - HTTP Request: GET https://tianqi.2345.com/wea_history/72028.htm?y=2026&m=1 "HTTP/1.1 200 OK"
2026-01-03 18:30:46,783 [INFO] - HTTP Request: GET https://tianqi.2345.com/wea_history/72024.htm?y=2026&m=1 "HTTP/1.1 200 OK"
2026-01-03 18:30:46,855 [INFO] - HTTP Request: GET https://tianqi.2345.com/wea_history/72023.htm?y=2026&m=1 "HTTP/1.1 200 OK"
